1649462351598	geckodriver	INFO	Listening on 127.0.0.1:38301
1649462352102	mozrunner::runner	INFO	Running command: "/usr/bin/firefox" "--marionette" "-headless" "--remote-debugging-port" "36217" "-no-remote" "-profile" "/tmp/rust_mozprofile0q63ac"
*** You are running in headless mode.
[GFX1-]: glxtest: Unable to open a connection to the X server
[GFX1-]: glxtest: libEGL initialize failed
[GFX1-]: No GPUs detected via PCI
1649462352519	Marionette	INFO	Marionette enabled
[GFX1-]: RenderCompositorSWGL failed mapping default framebuffer, no dt
console.warn: SearchSettings: "get: No settings file exists, new profile?" (new NotFoundError("Could not open the file at /tmp/rust_mozprofile0q63ac/search.json.mozlz4", (void 0)))
DevTools listening on ws://localhost:36217/devtools/browser/3d5b60a6-6fe1-4322-b919-ac635d01b416
1649462354576	Marionette	INFO	Listening on port 42559
Read port: 42559
1649462354626	RemoteAgent	WARN	TLS certificate errors will be ignored for this session
Exiting due to channel error.
Exiting due to channel error.
Exiting due to channel error.
1649462452822	geckodriver	INFO	Listening on 127.0.0.1:58315
1649462453325	mozrunner::runner	INFO	Running command: "/usr/bin/firefox" "--marionette" "-headless" "--remote-debugging-port" "60755" "-no-remote" "-profile" "/tmp/rust_mozprofile3NaCoT"
*** You are running in headless mode.
[GFX1-]: glxtest: Unable to open a connection to the X server
[GFX1-]: glxtest: libEGL initialize failed
[GFX1-]: No GPUs detected via PCI
1649462453711	Marionette	INFO	Marionette enabled
[GFX1-]: RenderCompositorSWGL failed mapping default framebuffer, no dt
console.warn: SearchSettings: "get: No settings file exists, new profile?" (new NotFoundError("Could not open the file at /tmp/rust_mozprofile3NaCoT/search.json.mozlz4", (void 0)))
DevTools listening on ws://localhost:60755/devtools/browser/4ec0ce7d-a073-4f9a-b968-2752e7b263f4
1649462455678	Marionette	INFO	Listening on port 45817
Read port: 45817
1649462455752	RemoteAgent	WARN	TLS certificate errors will be ignored for this session
Exiting due to channel error.
Exiting due to channel error.
Exiting due to channel error.
1649462660321	geckodriver	INFO	Listening on 127.0.0.1:56259
1649462660826	mozrunner::runner	INFO	Running command: "/usr/bin/firefox" "--marionette" "-headless" "--remote-debugging-port" "55343" "-no-remote" "-profile" "/tmp/rust_mozprofileOuNybP"
*** You are running in headless mode.
[GFX1-]: glxtest: Unable to open a connection to the X server
[GFX1-]: glxtest: libEGL initialize failed
[GFX1-]: No GPUs detected via PCI
1649462661201	Marionette	INFO	Marionette enabled
[GFX1-]: RenderCompositorSWGL failed mapping default framebuffer, no dt
console.warn: SearchSettings: "get: No settings file exists, new profile?" (new NotFoundError("Could not open the file at /tmp/rust_mozprofileOuNybP/search.json.mozlz4", (void 0)))
DevTools listening on ws://localhost:55343/devtools/browser/1d630541-f11b-436e-9a8b-b8d72963bc20
1649462663226	Marionette	INFO	Listening on port 39723
Read port: 39723
1649462663266	RemoteAgent	WARN	TLS certificate errors will be ignored for this session
Exiting due to channel error.
Exiting due to channel error.
Exiting due to channel error.
1649463880161	geckodriver	INFO	Listening on 127.0.0.1:33353
1649463880667	mozrunner::runner	INFO	Running command: "/usr/bin/firefox" "--marionette" "-headless" "--remote-debugging-port" "36689" "-no-remote" "-profile" "/tmp/rust_mozprofileS51Ogk"
*** You are running in headless mode.
[GFX1-]: glxtest: Unable to open a connection to the X server
[GFX1-]: glxtest: libEGL initialize failed
[GFX1-]: No GPUs detected via PCI
1649463881043	Marionette	INFO	Marionette enabled
[GFX1-]: RenderCompositorSWGL failed mapping default framebuffer, no dt
console.warn: SearchSettings: "get: No settings file exists, new profile?" (new NotFoundError("Could not open the file at /tmp/rust_mozprofileS51Ogk/search.json.mozlz4", (void 0)))
DevTools listening on ws://localhost:36689/devtools/browser/63365bb7-3a12-40aa-b192-5d276dfd64c0
1649463883064	Marionette	INFO	Listening on port 34941
Read port: 34941
1649463883097	RemoteAgent	WARN	TLS certificate errors will be ignored for this session
Exiting due to channel error.
Exiting due to channel error.
Exiting due to channel error.
