1649293851572	geckodriver	INFO	Listening on 127.0.0.1:41541
1649293851579	mozrunner::runner	INFO	Running command: "/usr/bin/firefox" "--marionette" "--remote-debugging-port" "42647" "-no-remote" "-profile" "/tmp/rust_mozprofileRHQILe"
Error: no DISPLAY environment variable specified
1649293861396	geckodriver	INFO	Listening on 127.0.0.1:36771
1649293861900	mozrunner::runner	INFO	Running command: "/usr/bin/firefox" "--marionette" "--remote-debugging-port" "51541" "-no-remote" "-profile" "/tmp/rust_mozprofile70jiuF"
Error: no DISPLAY environment variable specified
1649294199374	geckodriver	INFO	Listening on 127.0.0.1:48087
1649294199879	mozrunner::runner	INFO	Running command: "/usr/bin/firefox" "--marionette" "--remote-debugging-port" "56567" "-no-remote" "-profile" "/tmp/rust_mozprofile6NtF8B"
Error: no DISPLAY environment variable specified
1649294361223	geckodriver	INFO	Listening on 127.0.0.1:39935
1649294361728	mozrunner::runner	INFO	Running command: "/usr/bin/firefox" "--marionette" "--remote-debugging-port" "34975" "-no-remote" "-profile" "/tmp/rust_mozprofileo1YqxT"
Error: no DISPLAY environment variable specified
1649294948197	geckodriver	INFO	Listening on 127.0.0.1:33089
1649294948702	mozrunner::runner	INFO	Running command: "/usr/bin/firefox" "--marionette" "-headless" "--remote-debugging-port" "45219" "-no-remote" "-profile" "/tmp/rust_mozprofileENCncI"
*** You are running in headless mode.
[GFX1-]: glxtest: Unable to open a connection to the X server
[GFX1-]: glxtest: libEGL initialize failed
[GFX1-]: No GPUs detected via PCI
1649294949178	Marionette	INFO	Marionette enabled
[GFX1-]: RenderCompositorSWGL failed mapping default framebuffer, no dt
console.warn: SearchSettings: "get: No settings file exists, new profile?" (new NotFoundError("Could not open the file at /tmp/rust_mozprofileENCncI/search.json.mozlz4", (void 0)))
DevTools listening on ws://localhost:45219/devtools/browser/55985056-88f7-42cb-a5a8-d6622806e680
1649294951342	Marionette	INFO	Listening on port 37145
Read port: 37145
1649294951429	RemoteAgent	WARN	TLS certificate errors will be ignored for this session
1649294952577	Marionette	INFO	Stopped listening on port 37145
1649295004428	geckodriver	INFO	Listening on 127.0.0.1:51061
1649295004931	mozrunner::runner	INFO	Running command: "/usr/bin/firefox" "--marionette" "-headless" "--remote-debugging-port" "41205" "-no-remote" "-profile" "/tmp/rust_mozprofileus3zeK"
*** You are running in headless mode.
[GFX1-]: glxtest: Unable to open a connection to the X server
[GFX1-]: glxtest: libEGL initialize failed
[GFX1-]: No GPUs detected via PCI
1649295005359	Marionette	INFO	Marionette enabled
[GFX1-]: RenderCompositorSWGL failed mapping default framebuffer, no dt
console.warn: SearchSettings: "get: No settings file exists, new profile?" (new NotFoundError("Could not open the file at /tmp/rust_mozprofileus3zeK/search.json.mozlz4", (void 0)))
DevTools listening on ws://localhost:41205/devtools/browser/dc175ae8-7945-4dc7-b359-a4202b62dc14
1649295007427	Marionette	INFO	Listening on port 42225
Read port: 42225
1649295007464	RemoteAgent	WARN	TLS certificate errors will be ignored for this session
1649295008091	Marionette	INFO	Stopped listening on port 42225
1649295189456	geckodriver	INFO	Listening on 127.0.0.1:33205
1649295189957	mozrunner::runner	INFO	Running command: "/usr/bin/firefox" "--marionette" "-headless" "--remote-debugging-port" "39491" "-no-remote" "-profile" "/tmp/rust_mozprofilePJEiwj"
*** You are running in headless mode.
[GFX1-]: glxtest: Unable to open a connection to the X server
[GFX1-]: glxtest: libEGL initialize failed
[GFX1-]: No GPUs detected via PCI
1649295190336	Marionette	INFO	Marionette enabled
[GFX1-]: RenderCompositorSWGL failed mapping default framebuffer, no dt
console.warn: SearchSettings: "get: No settings file exists, new profile?" (new NotFoundError("Could not open the file at /tmp/rust_mozprofilePJEiwj/search.json.mozlz4", (void 0)))
DevTools listening on ws://localhost:39491/devtools/browser/ee487379-d820-4494-a542-9d0676400d72
1649295192348	Marionette	INFO	Listening on port 35079
Read port: 35079
1649295192385	RemoteAgent	WARN	TLS certificate errors will be ignored for this session
1649295206793	geckodriver	INFO	Listening on 127.0.0.1:50783
1649295207298	mozrunner::runner	INFO	Running command: "/usr/bin/firefox" "--marionette" "-headless" "--remote-debugging-port" "44595" "-no-remote" "-profile" "/tmp/rust_mozprofilepR0TAw"
*** You are running in headless mode.
[GFX1-]: glxtest: Unable to open a connection to the X server
[GFX1-]: glxtest: libEGL initialize failed
[GFX1-]: No GPUs detected via PCI
1649295207657	Marionette	INFO	Marionette enabled
[GFX1-]: RenderCompositorSWGL failed mapping default framebuffer, no dt
console.warn: SearchSettings: "get: No settings file exists, new profile?" (new NotFoundError("Could not open the file at /tmp/rust_mozprofilepR0TAw/search.json.mozlz4", (void 0)))
DevTools listening on ws://localhost:44595/devtools/browser/f5cc9d77-cc9d-4a86-9089-df039e2ae75c
1649295209695	Marionette	INFO	Listening on port 44635
Read port: 44635
1649295209732	RemoteAgent	WARN	TLS certificate errors will be ignored for this session
1649295210872	Marionette	INFO	Stopped listening on port 44635

###!!! [Parent][PImageBridgeParent] Error: RunMessage(msgname=PImageBridge::Msg_WillClose) Channel closing: too late to send/recv, messages will be lost

1649295284629	geckodriver	INFO	Listening on 127.0.0.1:40283
1649295285134	mozrunner::runner	INFO	Running command: "/usr/bin/firefox" "--marionette" "-headless" "--remote-debugging-port" "55797" "-no-remote" "-profile" "/tmp/rust_mozprofile84pOFP"
*** You are running in headless mode.
[GFX1-]: glxtest: Unable to open a connection to the X server
[GFX1-]: glxtest: libEGL initialize failed
[GFX1-]: No GPUs detected via PCI
1649295285536	Marionette	INFO	Marionette enabled
[GFX1-]: RenderCompositorSWGL failed mapping default framebuffer, no dt
console.warn: SearchSettings: "get: No settings file exists, new profile?" (new NotFoundError("Could not open the file at /tmp/rust_mozprofile84pOFP/search.json.mozlz4", (void 0)))
DevTools listening on ws://localhost:55797/devtools/browser/beaf5feb-f0ea-4a52-b187-95ca5df4a199
1649295287491	Marionette	INFO	Listening on port 43251
Read port: 43251
1649295287566	RemoteAgent	WARN	TLS certificate errors will be ignored for this session
1649295295968	geckodriver	INFO	Listening on 127.0.0.1:47727
1649295296472	mozrunner::runner	INFO	Running command: "/usr/bin/firefox" "--marionette" "-headless" "--remote-debugging-port" "56141" "-no-remote" "-profile" "/tmp/rust_mozprofileRBGGtl"
*** You are running in headless mode.
[GFX1-]: glxtest: Unable to open a connection to the X server
[GFX1-]: glxtest: libEGL initialize failed
[GFX1-]: No GPUs detected via PCI
1649295296851	Marionette	INFO	Marionette enabled
[GFX1-]: RenderCompositorSWGL failed mapping default framebuffer, no dt
console.warn: SearchSettings: "get: No settings file exists, new profile?" (new NotFoundError("Could not open the file at /tmp/rust_mozprofileRBGGtl/search.json.mozlz4", (void 0)))
DevTools listening on ws://localhost:56141/devtools/browser/cdc68d80-9cf1-4918-90b1-21c056954f61
1649295298952	Marionette	INFO	Listening on port 34159
Read port: 34159
1649295299007	RemoteAgent	WARN	TLS certificate errors will be ignored for this session
Exiting due to channel error.
Exiting due to channel error.
Exiting due to channel error.
Exiting due to channel error.
Exiting due to channel error.
Exiting due to channel error.
Exiting due to channel error.
Exiting due to channel error.
Exiting due to channel error.
1649295519828	geckodriver	INFO	Listening on 127.0.0.1:57327
1649295520336	mozrunner::runner	INFO	Running command: "/usr/bin/firefox" "--marionette" "-headless" "--remote-debugging-port" "38237" "-no-remote" "-profile" "/tmp/rust_mozprofile9MArOS"
*** You are running in headless mode.
[GFX1-]: glxtest: Unable to open a connection to the X server
[GFX1-]: glxtest: libEGL initialize failed
[GFX1-]: No GPUs detected via PCI
1649295520714	Marionette	INFO	Marionette enabled
[GFX1-]: RenderCompositorSWGL failed mapping default framebuffer, no dt
console.warn: SearchSettings: "get: No settings file exists, new profile?" (new NotFoundError("Could not open the file at /tmp/rust_mozprofile9MArOS/search.json.mozlz4", (void 0)))
DevTools listening on ws://localhost:38237/devtools/browser/f843a0e0-37d9-40d4-b18f-83b5ceeafb63
1649295522718	Marionette	INFO	Listening on port 41559
Read port: 41559
1649295522763	RemoteAgent	WARN	TLS certificate errors will be ignored for this session
1649295523278	Marionette	INFO	Stopped listening on port 41559
JavaScript error: resource://gre/modules/TerminatorTelemetry.jsm, line 71: AbortError: IOUtils: Shutting down and refusing additional I/O tasks
1649296246930	geckodriver	INFO	Listening on 127.0.0.1:44701
1649296247435	mozrunner::runner	INFO	Running command: "/usr/bin/firefox" "--marionette" "-headless" "--remote-debugging-port" "44477" "-no-remote" "-profile" "/tmp/rust_mozprofilesGULfS"
*** You are running in headless mode.
[GFX1-]: glxtest: Unable to open a connection to the X server
[GFX1-]: glxtest: libEGL initialize failed
[GFX1-]: No GPUs detected via PCI
1649296247856	Marionette	INFO	Marionette enabled
[GFX1-]: RenderCompositorSWGL failed mapping default framebuffer, no dt
console.warn: SearchSettings: "get: No settings file exists, new profile?" (new NotFoundError("Could not open the file at /tmp/rust_mozprofilesGULfS/search.json.mozlz4", (void 0)))
DevTools listening on ws://localhost:44477/devtools/browser/2e6ad227-955d-485d-8c30-cfb0e1f400c6
1649296249924	Marionette	INFO	Listening on port 36331
Read port: 36331
1649296249961	RemoteAgent	WARN	TLS certificate errors will be ignored for this session
Exiting due to channel error.
Exiting due to channel error.
Exiting due to channel error.
1649296355103	geckodriver	INFO	Listening on 127.0.0.1:43111
1649296355608	mozrunner::runner	INFO	Running command: "/usr/bin/firefox" "--marionette" "-headless" "--remote-debugging-port" "49503" "-no-remote" "-profile" "/tmp/rust_mozprofilen6Y27P"
*** You are running in headless mode.
[GFX1-]: glxtest: Unable to open a connection to the X server
[GFX1-]: glxtest: libEGL initialize failed
[GFX1-]: No GPUs detected via PCI
1649296356042	Marionette	INFO	Marionette enabled
[GFX1-]: RenderCompositorSWGL failed mapping default framebuffer, no dt
console.warn: SearchSettings: "get: No settings file exists, new profile?" (new NotFoundError("Could not open the file at /tmp/rust_mozprofilen6Y27P/search.json.mozlz4", (void 0)))
DevTools listening on ws://localhost:49503/devtools/browser/d9c1f4d0-6a9b-48aa-8896-9c2eea13236f
1649296358036	Marionette	INFO	Listening on port 43791
Read port: 43791
1649296358137	RemoteAgent	WARN	TLS certificate errors will be ignored for this session
Exiting due to channel error.
Exiting due to channel error.
Exiting due to channel error.
1649296502208	geckodriver	INFO	Listening on 127.0.0.1:37929
1649296502214	mozrunner::runner	INFO	Running command: "/usr/bin/firefox" "--marionette" "-headless" "--remote-debugging-port" "42853" "-no-remote" "-profile" "/tmp/rust_mozprofileNglPot"
*** You are running in headless mode.
[GFX1-]: glxtest: Unable to open a connection to the X server
[GFX1-]: glxtest: libEGL initialize failed
[GFX1-]: No GPUs detected via PCI
1649296502665	Marionette	INFO	Marionette enabled
[GFX1-]: RenderCompositorSWGL failed mapping default framebuffer, no dt
console.warn: SearchSettings: "get: No settings file exists, new profile?" (new NotFoundError("Could not open the file at /tmp/rust_mozprofileNglPot/search.json.mozlz4", (void 0)))
DevTools listening on ws://localhost:42853/devtools/browser/6dcd204d-1714-40fc-8f54-08f31bdd721d
1649296504772	Marionette	INFO	Listening on port 45485
Read port: 45485
1649296504840	RemoteAgent	WARN	TLS certificate errors will be ignored for this session
1649296567050	Marionette	INFO	Stopped listening on port 45485
1649296790323	geckodriver	INFO	Listening on 127.0.0.1:37443
1649296790827	mozrunner::runner	INFO	Running command: "/usr/bin/firefox" "--marionette" "-headless" "--remote-debugging-port" "44661" "-no-remote" "-profile" "/tmp/rust_mozprofilew5ee8x"
*** You are running in headless mode.
[GFX1-]: glxtest: Unable to open a connection to the X server
[GFX1-]: glxtest: libEGL initialize failed
[GFX1-]: No GPUs detected via PCI
1649296791283	Marionette	INFO	Marionette enabled
[GFX1-]: RenderCompositorSWGL failed mapping default framebuffer, no dt
console.warn: SearchSettings: "get: No settings file exists, new profile?" (new NotFoundError("Could not open the file at /tmp/rust_mozprofilew5ee8x/search.json.mozlz4", (void 0)))
DevTools listening on ws://localhost:44661/devtools/browser/d19983d9-d214-41e8-a073-82176b5a2845
1649296793318	Marionette	INFO	Listening on port 40493
Read port: 40493
1649296793364	RemoteAgent	WARN	TLS certificate errors will be ignored for this session
Exiting due to channel error.
Exiting due to channel error.
Exiting due to channel error.
1649297170716	geckodriver	INFO	Listening on 127.0.0.1:34451
1649297170722	mozrunner::runner	INFO	Running command: "/usr/bin/firefox" "--marionette" "-headless" "--remote-debugging-port" "57485" "-no-remote" "-profile" "/tmp/rust_mozprofilej0470q"
*** You are running in headless mode.
[GFX1-]: glxtest: Unable to open a connection to the X server
[GFX1-]: glxtest: libEGL initialize failed
[GFX1-]: No GPUs detected via PCI
1649297171093	Marionette	INFO	Marionette enabled
[GFX1-]: RenderCompositorSWGL failed mapping default framebuffer, no dt
console.warn: SearchSettings: "get: No settings file exists, new profile?" (new NotFoundError("Could not open the file at /tmp/rust_mozprofilej0470q/search.json.mozlz4", (void 0)))
DevTools listening on ws://localhost:57485/devtools/browser/61ec172e-ba23-4c44-b626-e8ac135a4758
1649297173162	Marionette	INFO	Listening on port 45429
Read port: 45429
1649297173254	RemoteAgent	WARN	TLS certificate errors will be ignored for this session
Exiting due to channel error.
Exiting due to channel error.
Exiting due to channel error.
1649301302267	geckodriver	INFO	Listening on 127.0.0.1:53943
1649301302770	mozrunner::runner	INFO	Running command: "/usr/bin/firefox" "--marionette" "-headless" "--remote-debugging-port" "38557" "-no-remote" "-profile" "/tmp/rust_mozprofile0U2zIG"
*** You are running in headless mode.
[GFX1-]: glxtest: Unable to open a connection to the X server
[GFX1-]: glxtest: libEGL initialize failed
[GFX1-]: No GPUs detected via PCI
1649301303198	Marionette	INFO	Marionette enabled
[GFX1-]: RenderCompositorSWGL failed mapping default framebuffer, no dt
console.warn: SearchSettings: "get: No settings file exists, new profile?" (new NotFoundError("Could not open the file at /tmp/rust_mozprofile0U2zIG/search.json.mozlz4", (void 0)))
DevTools listening on ws://localhost:38557/devtools/browser/42edc219-2b6c-4348-956c-3d4e3c383e0c
1649301305234	Marionette	INFO	Listening on port 46695
Read port: 46695
1649301305301	RemoteAgent	WARN	TLS certificate errors will be ignored for this session
1649306990372	Marionette	INFO	Stopped listening on port 46695

###!!! [Parent][PImageBridgeParent] Error: RunMessage(msgname=PImageBridge::Msg_WillClose) Channel closing: too late to send/recv, messages will be lost

1649464023826	geckodriver	INFO	Listening on 127.0.0.1:52903
1649464023834	mozrunner::runner	INFO	Running command: "/usr/bin/firefox" "--marionette" "-headless" "--remote-debugging-port" "55671" "-no-remote" "-profile" "/tmp/rust_mozprofilerF8uur"
*** You are running in headless mode.
[GFX1-]: glxtest: Unable to open a connection to the X server
[GFX1-]: glxtest: libEGL initialize failed
[GFX1-]: No GPUs detected via PCI
1649464024212	Marionette	INFO	Marionette enabled
[GFX1-]: RenderCompositorSWGL failed mapping default framebuffer, no dt
console.warn: SearchSettings: "get: No settings file exists, new profile?" (new NotFoundError("Could not open the file at /tmp/rust_mozprofilerF8uur/search.json.mozlz4", (void 0)))
DevTools listening on ws://localhost:55671/devtools/browser/d96e4815-7cc9-489d-aa4b-20fc2a4cf6b6
1649464026257	Marionette	INFO	Listening on port 46617
Read port: 46617
1649464026363	RemoteAgent	WARN	TLS certificate errors will be ignored for this session
Exiting due to channel error.
Exiting due to channel error.
Exiting due to channel error.
1649467175842	geckodriver	INFO	Listening on 127.0.0.1:33489
1649467176348	mozrunner::runner	INFO	Running command: "/usr/bin/firefox" "--marionette" "-headless" "--remote-debugging-port" "57481" "-no-remote" "-profile" "/tmp/rust_mozprofileFV7aoN"
*** You are running in headless mode.
[GFX1-]: glxtest: Unable to open a connection to the X server
[GFX1-]: glxtest: libEGL initialize failed
[GFX1-]: No GPUs detected via PCI
1649467176706	Marionette	INFO	Marionette enabled
[GFX1-]: RenderCompositorSWGL failed mapping default framebuffer, no dt
console.warn: SearchSettings: "get: No settings file exists, new profile?" (new NotFoundError("Could not open the file at /tmp/rust_mozprofileFV7aoN/search.json.mozlz4", (void 0)))
DevTools listening on ws://localhost:57481/devtools/browser/effb89de-ad43-4209-9243-dcbbc455f647
1649467178689	Marionette	INFO	Listening on port 37773
Read port: 37773
1649467178787	RemoteAgent	WARN	TLS certificate errors will be ignored for this session
Exiting due to channel error.
Exiting due to channel error.
Exiting due to channel error.
1649471023908	geckodriver	INFO	Listening on 127.0.0.1:41359
1649471023913	mozrunner::runner	INFO	Running command: "/usr/bin/firefox" "--marionette" "-headless" "--remote-debugging-port" "49197" "-no-remote" "-profile" "/tmp/rust_mozprofile3j0Pw1"
*** You are running in headless mode.
[GFX1-]: glxtest: Unable to open a connection to the X server
[GFX1-]: glxtest: libEGL initialize failed
[GFX1-]: No GPUs detected via PCI
1649471024305	Marionette	INFO	Marionette enabled
[GFX1-]: RenderCompositorSWGL failed mapping default framebuffer, no dt
console.warn: SearchSettings: "get: No settings file exists, new profile?" (new NotFoundError("Could not open the file at /tmp/rust_mozprofile3j0Pw1/search.json.mozlz4", (void 0)))
DevTools listening on ws://localhost:49197/devtools/browser/29457849-8492-44d7-b83f-85976ace6081
1649471026358	Marionette	INFO	Listening on port 46345
Read port: 46345
1649471026445	RemoteAgent	WARN	TLS certificate errors will be ignored for this session
Exiting due to channel error.
Exiting due to channel error.
Exiting due to channel error.
1649471386853	geckodriver	INFO	Listening on 127.0.0.1:46989
1649471386859	mozrunner::runner	INFO	Running command: "/usr/bin/firefox" "--marionette" "-headless" "--remote-debugging-port" "57187" "-no-remote" "-profile" "/tmp/rust_mozprofileur6Tej"
*** You are running in headless mode.
[GFX1-]: glxtest: Unable to open a connection to the X server
[GFX1-]: glxtest: libEGL initialize failed
[GFX1-]: No GPUs detected via PCI
1649471387283	Marionette	INFO	Marionette enabled
[GFX1-]: RenderCompositorSWGL failed mapping default framebuffer, no dt
console.warn: SearchSettings: "get: No settings file exists, new profile?" (new NotFoundError("Could not open the file at /tmp/rust_mozprofileur6Tej/search.json.mozlz4", (void 0)))
DevTools listening on ws://localhost:57187/devtools/browser/b0d159c5-7631-434b-b4df-d8fbe7f0c885
1649471389467	Marionette	INFO	Listening on port 45267
Read port: 45267
1649471389494	RemoteAgent	WARN	TLS certificate errors will be ignored for this session
Exiting due to channel error.
Exiting due to channel error.
Exiting due to channel error.
1649471846060	geckodriver	INFO	Listening on 127.0.0.1:33969
1649471846066	mozrunner::runner	INFO	Running command: "/usr/bin/firefox" "--marionette" "-headless" "--remote-debugging-port" "55839" "-no-remote" "-profile" "/tmp/rust_mozprofilemGZ55t"
*** You are running in headless mode.
[GFX1-]: glxtest: Unable to open a connection to the X server
[GFX1-]: glxtest: libEGL initialize failed
[GFX1-]: No GPUs detected via PCI
1649471846456	Marionette	INFO	Marionette enabled
[GFX1-]: RenderCompositorSWGL failed mapping default framebuffer, no dt
console.warn: SearchSettings: "get: No settings file exists, new profile?" (new NotFoundError("Could not open the file at /tmp/rust_mozprofilemGZ55t/search.json.mozlz4", (void 0)))
DevTools listening on ws://localhost:55839/devtools/browser/0aca58b8-ae25-411d-ac7b-21b44025c4be
1649471848370	Marionette	INFO	Listening on port 43651
Read port: 43651
1649471848410	RemoteAgent	WARN	TLS certificate errors will be ignored for this session
Exiting due to channel error.
Exiting due to channel error.
Exiting due to channel error.
1649472090389	geckodriver	INFO	Listening on 127.0.0.1:54069
1649472090395	mozrunner::runner	INFO	Running command: "/usr/bin/firefox" "--marionette" "-headless" "--remote-debugging-port" "41371" "-no-remote" "-profile" "/tmp/rust_mozprofileoH4oT6"
*** You are running in headless mode.
[GFX1-]: glxtest: Unable to open a connection to the X server
[GFX1-]: glxtest: libEGL initialize failed
[GFX1-]: No GPUs detected via PCI
1649472090767	Marionette	INFO	Marionette enabled
[GFX1-]: RenderCompositorSWGL failed mapping default framebuffer, no dt
console.warn: SearchSettings: "get: No settings file exists, new profile?" (new NotFoundError("Could not open the file at /tmp/rust_mozprofileoH4oT6/search.json.mozlz4", (void 0)))
DevTools listening on ws://localhost:41371/devtools/browser/d82e87a8-0c91-4402-b260-46561c2c4491
1649472092804	Marionette	INFO	Listening on port 34251
Read port: 34251
1649472092846	RemoteAgent	WARN	TLS certificate errors will be ignored for this session
1649472210975	geckodriver	INFO	Listening on 127.0.0.1:56383
1649472211480	mozrunner::runner	INFO	Running command: "/usr/bin/firefox" "--marionette" "-headless" "--remote-debugging-port" "44879" "-no-remote" "-profile" "/tmp/rust_mozprofileQEc9ED"
*** You are running in headless mode.
[GFX1-]: glxtest: Unable to open a connection to the X server
[GFX1-]: glxtest: libEGL initialize failed
[GFX1-]: No GPUs detected via PCI
1649472211860	Marionette	INFO	Marionette enabled
[GFX1-]: RenderCompositorSWGL failed mapping default framebuffer, no dt
console.warn: SearchSettings: "get: No settings file exists, new profile?" (new NotFoundError("Could not open the file at /tmp/rust_mozprofileQEc9ED/search.json.mozlz4", (void 0)))
DevTools listening on ws://localhost:44879/devtools/browser/9e07ee55-fc3a-464f-b9e6-e17a7c12d0e6
1649472214041	Marionette	INFO	Listening on port 44317
Read port: 44317
1649472214109	RemoteAgent	WARN	TLS certificate errors will be ignored for this session
Exiting due to channel error.
Exiting due to channel error.
Exiting due to channel error.
Exiting due to channel error.
Exiting due to channel error.
Exiting due to channel error.
1649472438197	geckodriver	INFO	Listening on 127.0.0.1:60915
1649472438205	mozrunner::runner	INFO	Running command: "/usr/bin/firefox" "--marionette" "-headless" "--remote-debugging-port" "53321" "-no-remote" "-profile" "/tmp/rust_mozprofile9isEKU"
*** You are running in headless mode.
[GFX1-]: glxtest: Unable to open a connection to the X server
[GFX1-]: glxtest: libEGL initialize failed
[GFX1-]: No GPUs detected via PCI
1649472438587	Marionette	INFO	Marionette enabled
[GFX1-]: RenderCompositorSWGL failed mapping default framebuffer, no dt
console.warn: SearchSettings: "get: No settings file exists, new profile?" (new NotFoundError("Could not open the file at /tmp/rust_mozprofile9isEKU/search.json.mozlz4", (void 0)))
DevTools listening on ws://localhost:53321/devtools/browser/cebd81a8-dacf-466b-98bd-dcb3e0bb705f
1649472440663	Marionette	INFO	Listening on port 33719
Read port: 33719
1649472440737	RemoteAgent	WARN	TLS certificate errors will be ignored for this session
Exiting due to channel error.
Exiting due to channel error.
Exiting due to channel error.
1649472679071	geckodriver	INFO	Listening on 127.0.0.1:51513
1649472679116	mozrunner::runner	INFO	Running command: "/usr/bin/firefox" "--marionette" "-headless" "--remote-debugging-port" "47135" "-no-remote" "-profile" "/tmp/rust_mozprofilefgRIcd"
*** You are running in headless mode.
[GFX1-]: glxtest: Unable to open a connection to the X server
[GFX1-]: glxtest: libEGL initialize failed
[GFX1-]: No GPUs detected via PCI
1649472679501	Marionette	INFO	Marionette enabled
[GFX1-]: RenderCompositorSWGL failed mapping default framebuffer, no dt
console.warn: SearchSettings: "get: No settings file exists, new profile?" (new NotFoundError("Could not open the file at /tmp/rust_mozprofilefgRIcd/search.json.mozlz4", (void 0)))
DevTools listening on ws://localhost:47135/devtools/browser/0dbcd954-4ecf-40a6-ac28-ee38e85f1673
1649472682429	Marionette	INFO	Listening on port 38079
Read port: 38079
1649472682567	RemoteAgent	WARN	TLS certificate errors will be ignored for this session
Exiting due to channel error.
Exiting due to channel error.
Exiting due to channel error.
1649472822489	geckodriver	INFO	Listening on 127.0.0.1:35865
1649472822497	mozrunner::runner	INFO	Running command: "/usr/bin/firefox" "--marionette" "-headless" "--remote-debugging-port" "47885" "-no-remote" "-profile" "/tmp/rust_mozprofileT9wkwC"
*** You are running in headless mode.
[GFX1-]: glxtest: Unable to open a connection to the X server
[GFX1-]: glxtest: libEGL initialize failed
[GFX1-]: No GPUs detected via PCI
1649472822864	Marionette	INFO	Marionette enabled
[GFX1-]: RenderCompositorSWGL failed mapping default framebuffer, no dt
console.warn: SearchSettings: "get: No settings file exists, new profile?" (new NotFoundError("Could not open the file at /tmp/rust_mozprofileT9wkwC/search.json.mozlz4", (void 0)))
DevTools listening on ws://localhost:47885/devtools/browser/1a4eaf96-42f3-41a2-bb21-f2fea9301870
1649472824994	Marionette	INFO	Listening on port 40709
Read port: 40709
1649472825045	RemoteAgent	WARN	TLS certificate errors will be ignored for this session
1649472853823	geckodriver	INFO	Listening on 127.0.0.1:39155
1649472854327	mozrunner::runner	INFO	Running command: "/usr/bin/firefox" "--marionette" "-headless" "--remote-debugging-port" "41773" "-no-remote" "-profile" "/tmp/rust_mozprofile0pRF2B"
*** You are running in headless mode.
[GFX1-]: glxtest: Unable to open a connection to the X server
[GFX1-]: glxtest: libEGL initialize failed
[GFX1-]: No GPUs detected via PCI
1649472854692	Marionette	INFO	Marionette enabled
[GFX1-]: RenderCompositorSWGL failed mapping default framebuffer, no dt
console.warn: SearchSettings: "get: No settings file exists, new profile?" (new NotFoundError("Could not open the file at /tmp/rust_mozprofile0pRF2B/search.json.mozlz4", (void 0)))
DevTools listening on ws://localhost:41773/devtools/browser/a2424a74-b169-49db-8f61-b8e6f0a0b218
1649472856846	Marionette	INFO	Listening on port 37667
Read port: 37667
1649472856879	RemoteAgent	WARN	TLS certificate errors will be ignored for this session
1649472873757	geckodriver	INFO	Listening on 127.0.0.1:40675
1649472874262	mozrunner::runner	INFO	Running command: "/usr/bin/firefox" "--marionette" "-headless" "--remote-debugging-port" "33719" "-no-remote" "-profile" "/tmp/rust_mozprofilezrCURt"
*** You are running in headless mode.
[GFX1-]: glxtest: Unable to open a connection to the X server
[GFX1-]: glxtest: libEGL initialize failed
[GFX1-]: No GPUs detected via PCI
1649472874634	Marionette	INFO	Marionette enabled
[GFX1-]: RenderCompositorSWGL failed mapping default framebuffer, no dt
console.warn: SearchSettings: "get: No settings file exists, new profile?" (new NotFoundError("Could not open the file at /tmp/rust_mozprofilezrCURt/search.json.mozlz4", (void 0)))
DevTools listening on ws://localhost:33719/devtools/browser/3322ea81-4ada-46f6-a93e-aec757123440
1649472876860	Marionette	INFO	Listening on port 38777
Read port: 38777
1649472876895	RemoteAgent	WARN	TLS certificate errors will be ignored for this session
Exiting due to channel error.
Exiting due to channel error.
Exiting due to channel error.
Exiting due to channel error.
Exiting due to channel error.
Exiting due to channel error.
Exiting due to channel error.
Exiting due to channel error.
Exiting due to channel error.
1649474154254	geckodriver	INFO	Listening on 127.0.0.1:52489
1649474154260	mozrunner::runner	INFO	Running command: "/usr/bin/firefox" "--marionette" "-headless" "--remote-debugging-port" "60757" "-no-remote" "-profile" "/tmp/rust_mozprofilefx7fYH"
*** You are running in headless mode.
[GFX1-]: glxtest: Unable to open a connection to the X server
[GFX1-]: glxtest: libEGL initialize failed
[GFX1-]: No GPUs detected via PCI
1649474154621	Marionette	INFO	Marionette enabled
[GFX1-]: RenderCompositorSWGL failed mapping default framebuffer, no dt
console.warn: SearchSettings: "get: No settings file exists, new profile?" (new NotFoundError("Could not open the file at /tmp/rust_mozprofilefx7fYH/search.json.mozlz4", (void 0)))
DevTools listening on ws://localhost:60757/devtools/browser/b674014b-5dd5-4574-b2bc-7e57c430b4fe
1649474156643	Marionette	INFO	Listening on port 46451
Read port: 46451
1649474156708	RemoteAgent	WARN	TLS certificate errors will be ignored for this session
Exiting due to channel error.
Exiting due to channel error.
Exiting due to channel error.
1649474462980	geckodriver	INFO	Listening on 127.0.0.1:41671
1649474462987	mozrunner::runner	INFO	Running command: "/usr/bin/firefox" "--marionette" "-headless" "--remote-debugging-port" "40185" "-no-remote" "-profile" "/tmp/rust_mozprofileb1rju2"
*** You are running in headless mode.
[GFX1-]: glxtest: Unable to open a connection to the X server
[GFX1-]: glxtest: libEGL initialize failed
[GFX1-]: No GPUs detected via PCI
1649474463363	Marionette	INFO	Marionette enabled
[GFX1-]: RenderCompositorSWGL failed mapping default framebuffer, no dt
console.warn: SearchSettings: "get: No settings file exists, new profile?" (new NotFoundError("Could not open the file at /tmp/rust_mozprofileb1rju2/search.json.mozlz4", (void 0)))
DevTools listening on ws://localhost:40185/devtools/browser/1dfd80f3-ec41-418e-ab6f-52f9a2265528
1649474465386	Marionette	INFO	Listening on port 40793
Read port: 40793
1649474465415	RemoteAgent	WARN	TLS certificate errors will be ignored for this session
1649474490670	Marionette	INFO	Stopped listening on port 40793
1649487938649	geckodriver	INFO	Listening on 127.0.0.1:51469
1649487939154	mozrunner::runner	INFO	Running command: "/usr/bin/firefox" "--marionette" "-headless" "--remote-debugging-port" "35319" "-no-remote" "-profile" "/tmp/rust_mozprofileFTwoe2"
*** You are running in headless mode.
[GFX1-]: glxtest: Unable to open a connection to the X server
[GFX1-]: glxtest: libEGL initialize failed
[GFX1-]: No GPUs detected via PCI
1649487939520	Marionette	INFO	Marionette enabled
[GFX1-]: RenderCompositorSWGL failed mapping default framebuffer, no dt
console.warn: SearchSettings: "get: No settings file exists, new profile?" (new NotFoundError("Could not open the file at /tmp/rust_mozprofileFTwoe2/search.json.mozlz4", (void 0)))
DevTools listening on ws://localhost:35319/devtools/browser/43937860-2592-4697-904f-a05b8e01c688
1649487941505	Marionette	INFO	Listening on port 44717
Read port: 44717
1649487941582	RemoteAgent	WARN	TLS certificate errors will be ignored for this session
Exiting due to channel error.
Exiting due to channel error.
Exiting due to channel error.
1649488839660	geckodriver	INFO	Listening on 127.0.0.1:35717
1649488840165	mozrunner::runner	INFO	Running command: "/usr/bin/firefox" "--marionette" "-headless" "--remote-debugging-port" "54439" "-no-remote" "-profile" "/tmp/rust_mozprofile6uFxsT"
*** You are running in headless mode.
[GFX1-]: glxtest: Unable to open a connection to the X server
[GFX1-]: glxtest: libEGL initialize failed
[GFX1-]: No GPUs detected via PCI
1649488840544	Marionette	INFO	Marionette enabled
[GFX1-]: RenderCompositorSWGL failed mapping default framebuffer, no dt
console.warn: SearchSettings: "get: No settings file exists, new profile?" (new NotFoundError("Could not open the file at /tmp/rust_mozprofile6uFxsT/search.json.mozlz4", (void 0)))
DevTools listening on ws://localhost:54439/devtools/browser/8bde7434-9285-4998-af57-f7833e54aa0a
1649488842655	Marionette	INFO	Listening on port 45635
Read port: 45635
1649488842690	RemoteAgent	WARN	TLS certificate errors will be ignored for this session
Exiting due to channel error.
Exiting due to channel error.
Exiting due to channel error.
1649488877995	geckodriver	INFO	Listening on 127.0.0.1:36471
1649488878499	mozrunner::runner	INFO	Running command: "/usr/bin/firefox" "--marionette" "-headless" "--remote-debugging-port" "33815" "-no-remote" "-profile" "/tmp/rust_mozprofileyIEpd6"
*** You are running in headless mode.
[GFX1-]: glxtest: Unable to open a connection to the X server
[GFX1-]: glxtest: libEGL initialize failed
[GFX1-]: No GPUs detected via PCI
1649488878868	Marionette	INFO	Marionette enabled
[GFX1-]: RenderCompositorSWGL failed mapping default framebuffer, no dt
console.warn: SearchSettings: "get: No settings file exists, new profile?" (new NotFoundError("Could not open the file at /tmp/rust_mozprofileyIEpd6/search.json.mozlz4", (void 0)))
DevTools listening on ws://localhost:33815/devtools/browser/e6ea717d-df2b-4c51-b190-697bf90983f0
1649488880913	Marionette	INFO	Listening on port 37423
Read port: 37423
1649488881026	RemoteAgent	WARN	TLS certificate errors will be ignored for this session
console.warn: LoginRecipes: "getRecipes: falling back to a synchronous message for:" "https://ls2pac.lapl.org"
console.warn: LoginRecipes: "getRecipes: falling back to a synchronous message for:" "https://ls2pac.lapl.org"
console.warn: LoginRecipes: "getRecipes: falling back to a synchronous message for:" "https://ls2pac.lapl.org"
console.warn: LoginRecipes: "getRecipes: falling back to a synchronous message for:" "https://ls2pac.lapl.org"
console.warn: LoginRecipes: "getRecipes: falling back to a synchronous message for:" "https://ls2pac.lapl.org"
console.warn: LoginRecipes: "getRecipes: falling back to a synchronous message for:" "https://ls2pac.lapl.org"
console.warn: LoginRecipes: "getRecipes: falling back to a synchronous message for:" "https://ls2pac.lapl.org"
console.warn: LoginRecipes: "getRecipes: falling back to a synchronous message for:" "https://ls2pac.lapl.org"
console.warn: LoginRecipes: "getRecipes: falling back to a synchronous message for:" "https://ls2pac.lapl.org"
console.warn: LoginRecipes: "getRecipes: falling back to a synchronous message for:" "https://ls2pac.lapl.org"
console.warn: LoginRecipes: "getRecipes: falling back to a synchronous message for:" "https://ls2pac.lapl.org"
console.warn: LoginRecipes: "getRecipes: falling back to a synchronous message for:" "https://ls2pac.lapl.org"
console.warn: LoginRecipes: "getRecipes: falling back to a synchronous message for:" "https://ls2pac.lapl.org"
console.warn: LoginRecipes: "getRecipes: falling back to a synchronous message for:" "https://ls2pac.lapl.org"
console.warn: LoginRecipes: "getRecipes: falling back to a synchronous message for:" "https://ls2pac.lapl.org"
console.warn: LoginRecipes: "getRecipes: falling back to a synchronous message for:" "https://ls2pac.lapl.org"
console.warn: LoginRecipes: "getRecipes: falling back to a synchronous message for:" "https://ls2pac.lapl.org"
console.warn: LoginRecipes: "getRecipes: falling back to a synchronous message for:" "https://ls2pac.lapl.org"
console.warn: LoginRecipes: "getRecipes: falling back to a synchronous message for:" "https://ls2pac.lapl.org"
console.warn: LoginRecipes: "getRecipes: falling back to a synchronous message for:" "https://ls2pac.lapl.org"
console.warn: LoginRecipes: "getRecipes: falling back to a synchronous message for:" "https://ls2pac.lapl.org"
console.warn: LoginRecipes: "getRecipes: falling back to a synchronous message for:" "https://ls2pac.lapl.org"
console.warn: LoginRecipes: "getRecipes: falling back to a synchronous message for:" "https://ls2pac.lapl.org"
console.warn: LoginRecipes: "getRecipes: falling back to a synchronous message for:" "https://ls2pac.lapl.org"
console.warn: LoginRecipes: "getRecipes: falling back to a synchronous message for:" "https://ls2pac.lapl.org"
console.warn: LoginRecipes: "getRecipes: falling back to a synchronous message for:" "https://ls2pac.lapl.org"
console.warn: LoginRecipes: "getRecipes: falling back to a synchronous message for:" "https://ls2pac.lapl.org"
console.warn: LoginRecipes: "getRecipes: falling back to a synchronous message for:" "https://ls2pac.lapl.org"
console.warn: LoginRecipes: "getRecipes: falling back to a synchronous message for:" "https://ls2pac.lapl.org"
console.warn: LoginRecipes: "getRecipes: falling back to a synchronous message for:" "https://ls2pac.lapl.org"
console.warn: LoginRecipes: "getRecipes: falling back to a synchronous message for:" "https://ls2pac.lapl.org"
console.warn: LoginRecipes: "getRecipes: falling back to a synchronous message for:" "https://ls2pac.lapl.org"
console.warn: LoginRecipes: "getRecipes: falling back to a synchronous message for:" "https://ls2pac.lapl.org"
console.warn: LoginRecipes: "getRecipes: falling back to a synchronous message for:" "https://ls2pac.lapl.org"
console.warn: LoginRecipes: "getRecipes: falling back to a synchronous message for:" "https://ls2pac.lapl.org"
console.warn: LoginRecipes: "getRecipes: falling back to a synchronous message for:" "https://ls2pac.lapl.org"
console.warn: LoginRecipes: "getRecipes: falling back to a synchronous message for:" "https://ls2pac.lapl.org"
console.warn: LoginRecipes: "getRecipes: falling back to a synchronous message for:" "https://ls2pac.lapl.org"
console.warn: LoginRecipes: "getRecipes: falling back to a synchronous message for:" "https://ls2pac.lapl.org"
console.warn: LoginRecipes: "getRecipes: falling back to a synchronous message for:" "https://ls2pac.lapl.org"
console.warn: LoginRecipes: "getRecipes: falling back to a synchronous message for:" "https://ls2pac.lapl.org"
console.warn: LoginRecipes: "getRecipes: falling back to a synchronous message for:" "https://ls2pac.lapl.org"
console.warn: LoginRecipes: "getRecipes: falling back to a synchronous message for:" "https://ls2pac.lapl.org"
console.warn: LoginRecipes: "getRecipes: falling back to a synchronous message for:" "https://ls2pac.lapl.org"
console.warn: LoginRecipes: "getRecipes: falling back to a synchronous message for:" "https://ls2pac.lapl.org"
console.warn: LoginRecipes: "getRecipes: falling back to a synchronous message for:" "https://ls2pac.lapl.org"
console.warn: LoginRecipes: "getRecipes: falling back to a synchronous message for:" "https://ls2pac.lapl.org"
console.warn: LoginRecipes: "getRecipes: falling back to a synchronous message for:" "https://ls2pac.lapl.org"
console.warn: LoginRecipes: "getRecipes: falling back to a synchronous message for:" "https://ls2pac.lapl.org"
console.warn: LoginRecipes: "getRecipes: falling back to a synchronous message for:" "https://ls2pac.lapl.org"
console.warn: LoginRecipes: "getRecipes: falling back to a synchronous message for:" "https://ls2pac.lapl.org"
console.warn: LoginRecipes: "getRecipes: falling back to a synchronous message for:" "https://ls2pac.lapl.org"
console.warn: LoginRecipes: "getRecipes: falling back to a synchronous message for:" "https://ls2pac.lapl.org"
console.warn: LoginRecipes: "getRecipes: falling back to a synchronous message for:" "https://ls2pac.lapl.org"
console.warn: LoginRecipes: "getRecipes: falling back to a synchronous message for:" "https://ls2pac.lapl.org"
console.warn: LoginRecipes: "getRecipes: falling back to a synchronous message for:" "https://ls2pac.lapl.org"
console.warn: LoginRecipes: "getRecipes: falling back to a synchronous message for:" "https://ls2pac.lapl.org"
console.warn: LoginRecipes: "getRecipes: falling back to a synchronous message for:" "https://ls2pac.lapl.org"
console.warn: LoginRecipes: "getRecipes: falling back to a synchronous message for:" "https://ls2pac.lapl.org"
console.warn: LoginRecipes: "getRecipes: falling back to a synchronous message for:" "https://ls2pac.lapl.org"
console.warn: LoginRecipes: "getRecipes: falling back to a synchronous message for:" "https://ls2pac.lapl.org"
console.warn: LoginRecipes: "getRecipes: falling back to a synchronous message for:" "https://ls2pac.lapl.org"
console.warn: LoginRecipes: "getRecipes: falling back to a synchronous message for:" "https://ls2pac.lapl.org"
console.warn: LoginRecipes: "getRecipes: falling back to a synchronous message for:" "https://ls2pac.lapl.org"
console.warn: LoginRecipes: "getRecipes: falling back to a synchronous message for:" "https://ls2pac.lapl.org"
console.warn: LoginRecipes: "getRecipes: falling back to a synchronous message for:" "https://ls2pac.lapl.org"
console.warn: LoginRecipes: "getRecipes: falling back to a synchronous message for:" "https://ls2pac.lapl.org"
console.warn: LoginRecipes: "getRecipes: falling back to a synchronous message for:" "https://ls2pac.lapl.org"
console.warn: LoginRecipes: "getRecipes: falling back to a synchronous message for:" "https://ls2pac.lapl.org"
console.warn: LoginRecipes: "getRecipes: falling back to a synchronous message for:" "https://ls2pac.lapl.org"
console.warn: LoginRecipes: "getRecipes: falling back to a synchronous message for:" "https://ls2pac.lapl.org"
console.warn: LoginRecipes: "getRecipes: falling back to a synchronous message for:" "https://ls2pac.lapl.org"
console.warn: LoginRecipes: "getRecipes: falling back to a synchronous message for:" "https://ls2pac.lapl.org"
console.warn: LoginRecipes: "getRecipes: falling back to a synchronous message for:" "https://ls2pac.lapl.org"
console.warn: LoginRecipes: "getRecipes: falling back to a synchronous message for:" "https://ls2pac.lapl.org"
console.warn: LoginRecipes: "getRecipes: falling back to a synchronous message for:" "https://ls2pac.lapl.org"
console.warn: LoginRecipes: "getRecipes: falling back to a synchronous message for:" "https://ls2pac.lapl.org"
console.warn: LoginRecipes: "getRecipes: falling back to a synchronous message for:" "https://ls2pac.lapl.org"
console.warn: LoginRecipes: "getRecipes: falling back to a synchronous message for:" "https://ls2pac.lapl.org"
console.warn: LoginRecipes: "getRecipes: falling back to a synchronous message for:" "https://ls2pac.lapl.org"
console.warn: LoginRecipes: "getRecipes: falling back to a synchronous message for:" "https://ls2pac.lapl.org"
console.warn: LoginRecipes: "getRecipes: falling back to a synchronous message for:" "https://ls2pac.lapl.org"
console.warn: LoginRecipes: "getRecipes: falling back to a synchronous message for:" "https://ls2pac.lapl.org"
console.warn: LoginRecipes: "getRecipes: falling back to a synchronous message for:" "https://ls2pac.lapl.org"
console.warn: LoginRecipes: "getRecipes: falling back to a synchronous message for:" "https://ls2pac.lapl.org"
console.warn: LoginRecipes: "getRecipes: falling back to a synchronous message for:" "https://ls2pac.lapl.org"
console.warn: LoginRecipes: "getRecipes: falling back to a synchronous message for:" "https://ls2pac.lapl.org"
console.warn: LoginRecipes: "getRecipes: falling back to a synchronous message for:" "https://ls2pac.lapl.org"
console.warn: LoginRecipes: "getRecipes: falling back to a synchronous message for:" "https://ls2pac.lapl.org"
console.warn: LoginRecipes: "getRecipes: falling back to a synchronous message for:" "https://ls2pac.lapl.org"
console.warn: LoginRecipes: "getRecipes: falling back to a synchronous message for:" "https://ls2pac.lapl.org"
console.warn: LoginRecipes: "getRecipes: falling back to a synchronous message for:" "https://ls2pac.lapl.org"
console.warn: LoginRecipes: "getRecipes: falling back to a synchronous message for:" "https://ls2pac.lapl.org"
console.warn: LoginRecipes: "getRecipes: falling back to a synchronous message for:" "https://ls2pac.lapl.org"
console.warn: LoginRecipes: "getRecipes: falling back to a synchronous message for:" "https://ls2pac.lapl.org"
console.warn: LoginRecipes: "getRecipes: falling back to a synchronous message for:" "https://ls2pac.lapl.org"
console.warn: LoginRecipes: "getRecipes: falling back to a synchronous message for:" "https://ls2pac.lapl.org"
console.warn: LoginRecipes: "getRecipes: falling back to a synchronous message for:" "https://ls2pac.lapl.org"
console.warn: LoginRecipes: "getRecipes: falling back to a synchronous message for:" "https://ls2pac.lapl.org"
console.warn: LoginRecipes: "getRecipes: falling back to a synchronous message for:" "https://ls2pac.lapl.org"
console.warn: LoginRecipes: "getRecipes: falling back to a synchronous message for:" "https://ls2pac.lapl.org"
console.warn: LoginRecipes: "getRecipes: falling back to a synchronous message for:" "https://ls2pac.lapl.org"
console.warn: LoginRecipes: "getRecipes: falling back to a synchronous message for:" "https://ls2pac.lapl.org"
console.warn: LoginRecipes: "getRecipes: falling back to a synchronous message for:" "https://ls2pac.lapl.org"
console.warn: LoginRecipes: "getRecipes: falling back to a synchronous message for:" "https://ls2pac.lapl.org"
console.warn: LoginRecipes: "getRecipes: falling back to a synchronous message for:" "https://ls2pac.lapl.org"
console.warn: LoginRecipes: "getRecipes: falling back to a synchronous message for:" "https://ls2pac.lapl.org"
console.warn: LoginRecipes: "getRecipes: falling back to a synchronous message for:" "https://ls2pac.lapl.org"
console.warn: LoginRecipes: "getRecipes: falling back to a synchronous message for:" "https://ls2pac.lapl.org"
console.warn: LoginRecipes: "getRecipes: falling back to a synchronous message for:" "https://ls2pac.lapl.org"
console.warn: LoginRecipes: "getRecipes: falling back to a synchronous message for:" "https://ls2pac.lapl.org"
console.warn: LoginRecipes: "getRecipes: falling back to a synchronous message for:" "https://ls2pac.lapl.org"
console.warn: LoginRecipes: "getRecipes: falling back to a synchronous message for:" "https://ls2pac.lapl.org"
console.warn: LoginRecipes: "getRecipes: falling back to a synchronous message for:" "https://ls2pac.lapl.org"
console.warn: LoginRecipes: "getRecipes: falling back to a synchronous message for:" "https://ls2pac.lapl.org"
console.warn: LoginRecipes: "getRecipes: falling back to a synchronous message for:" "https://ls2pac.lapl.org"
console.warn: LoginRecipes: "getRecipes: falling back to a synchronous message for:" "https://ls2pac.lapl.org"
console.warn: LoginRecipes: "getRecipes: falling back to a synchronous message for:" "https://ls2pac.lapl.org"
console.warn: LoginRecipes: "getRecipes: falling back to a synchronous message for:" "https://ls2pac.lapl.org"
console.warn: LoginRecipes: "getRecipes: falling back to a synchronous message for:" "https://ls2pac.lapl.org"
console.warn: LoginRecipes: "getRecipes: falling back to a synchronous message for:" "https://ls2pac.lapl.org"
console.warn: LoginRecipes: "getRecipes: falling back to a synchronous message for:" "https://ls2pac.lapl.org"
console.warn: LoginRecipes: "getRecipes: falling back to a synchronous message for:" "https://ls2pac.lapl.org"
console.warn: LoginRecipes: "getRecipes: falling back to a synchronous message for:" "https://ls2pac.lapl.org"
console.warn: LoginRecipes: "getRecipes: falling back to a synchronous message for:" "https://ls2pac.lapl.org"
console.warn: LoginRecipes: "getRecipes: falling back to a synchronous message for:" "https://ls2pac.lapl.org"
console.warn: LoginRecipes: "getRecipes: falling back to a synchronous message for:" "https://ls2pac.lapl.org"
console.warn: LoginRecipes: "getRecipes: falling back to a synchronous message for:" "https://ls2pac.lapl.org"
console.warn: LoginRecipes: "getRecipes: falling back to a synchronous message for:" "https://ls2pac.lapl.org"
console.warn: LoginRecipes: "getRecipes: falling back to a synchronous message for:" "https://ls2pac.lapl.org"
console.warn: LoginRecipes: "getRecipes: falling back to a synchronous message for:" "https://ls2pac.lapl.org"
console.warn: LoginRecipes: "getRecipes: falling back to a synchronous message for:" "https://ls2pac.lapl.org"
console.warn: LoginRecipes: "getRecipes: falling back to a synchronous message for:" "https://ls2pac.lapl.org"
console.warn: LoginRecipes: "getRecipes: falling back to a synchronous message for:" "https://ls2pac.lapl.org"
console.warn: LoginRecipes: "getRecipes: falling back to a synchronous message for:" "https://ls2pac.lapl.org"
console.warn: LoginRecipes: "getRecipes: falling back to a synchronous message for:" "https://ls2pac.lapl.org"
console.warn: LoginRecipes: "getRecipes: falling back to a synchronous message for:" "https://ls2pac.lapl.org"
console.warn: LoginRecipes: "getRecipes: falling back to a synchronous message for:" "https://ls2pac.lapl.org"
console.warn: LoginRecipes: "getRecipes: falling back to a synchronous message for:" "https://ls2pac.lapl.org"
console.warn: LoginRecipes: "getRecipes: falling back to a synchronous message for:" "https://ls2pac.lapl.org"
console.warn: LoginRecipes: "getRecipes: falling back to a synchronous message for:" "https://ls2pac.lapl.org"
console.warn: LoginRecipes: "getRecipes: falling back to a synchronous message for:" "https://ls2pac.lapl.org"
console.warn: LoginRecipes: "getRecipes: falling back to a synchronous message for:" "https://ls2pac.lapl.org"
console.warn: LoginRecipes: "getRecipes: falling back to a synchronous message for:" "https://ls2pac.lapl.org"
console.warn: LoginRecipes: "getRecipes: falling back to a synchronous message for:" "https://ls2pac.lapl.org"
console.warn: LoginRecipes: "getRecipes: falling back to a synchronous message for:" "https://ls2pac.lapl.org"
console.warn: LoginRecipes: "getRecipes: falling back to a synchronous message for:" "https://ls2pac.lapl.org"
console.warn: LoginRecipes: "getRecipes: falling back to a synchronous message for:" "https://ls2pac.lapl.org"
console.warn: LoginRecipes: "getRecipes: falling back to a synchronous message for:" "https://ls2pac.lapl.org"
console.warn: LoginRecipes: "getRecipes: falling back to a synchronous message for:" "https://ls2pac.lapl.org"
console.warn: LoginRecipes: "getRecipes: falling back to a synchronous message for:" "https://ls2pac.lapl.org"
console.warn: LoginRecipes: "getRecipes: falling back to a synchronous message for:" "https://ls2pac.lapl.org"
console.warn: LoginRecipes: "getRecipes: falling back to a synchronous message for:" "https://ls2pac.lapl.org"
console.warn: LoginRecipes: "getRecipes: falling back to a synchronous message for:" "https://ls2pac.lapl.org"
console.warn: LoginRecipes: "getRecipes: falling back to a synchronous message for:" "https://ls2pac.lapl.org"
console.warn: LoginRecipes: "getRecipes: falling back to a synchronous message for:" "https://ls2pac.lapl.org"
console.warn: LoginRecipes: "getRecipes: falling back to a synchronous message for:" "https://ls2pac.lapl.org"
console.warn: LoginRecipes: "getRecipes: falling back to a synchronous message for:" "https://ls2pac.lapl.org"
console.warn: LoginRecipes: "getRecipes: falling back to a synchronous message for:" "https://ls2pac.lapl.org"
console.warn: LoginRecipes: "getRecipes: falling back to a synchronous message for:" "https://ls2pac.lapl.org"
console.warn: LoginRecipes: "getRecipes: falling back to a synchronous message for:" "https://ls2pac.lapl.org"
console.warn: LoginRecipes: "getRecipes: falling back to a synchronous message for:" "https://ls2pac.lapl.org"
console.warn: LoginRecipes: "getRecipes: falling back to a synchronous message for:" "https://ls2pac.lapl.org"
console.warn: LoginRecipes: "getRecipes: falling back to a synchronous message for:" "https://ls2pac.lapl.org"
console.warn: LoginRecipes: "getRecipes: falling back to a synchronous message for:" "https://ls2pac.lapl.org"
console.warn: LoginRecipes: "getRecipes: falling back to a synchronous message for:" "https://ls2pac.lapl.org"
console.warn: LoginRecipes: "getRecipes: falling back to a synchronous message for:" "https://ls2pac.lapl.org"
console.warn: LoginRecipes: "getRecipes: falling back to a synchronous message for:" "https://ls2pac.lapl.org"
console.warn: LoginRecipes: "getRecipes: falling back to a synchronous message for:" "https://ls2pac.lapl.org"
console.warn: LoginRecipes: "getRecipes: falling back to a synchronous message for:" "https://ls2pac.lapl.org"
console.warn: LoginRecipes: "getRecipes: falling back to a synchronous message for:" "https://ls2pac.lapl.org"
console.warn: LoginRecipes: "getRecipes: falling back to a synchronous message for:" "https://ls2pac.lapl.org"
console.warn: LoginRecipes: "getRecipes: falling back to a synchronous message for:" "https://ls2pac.lapl.org"
console.warn: LoginRecipes: "getRecipes: falling back to a synchronous message for:" "https://ls2pac.lapl.org"
console.warn: LoginRecipes: "getRecipes: falling back to a synchronous message for:" "https://ls2pac.lapl.org"
console.warn: LoginRecipes: "getRecipes: falling back to a synchronous message for:" "https://ls2pac.lapl.org"
console.warn: LoginRecipes: "getRecipes: falling back to a synchronous message for:" "https://ls2pac.lapl.org"
console.warn: LoginRecipes: "getRecipes: falling back to a synchronous message for:" "https://ls2pac.lapl.org"
console.warn: LoginRecipes: "getRecipes: falling back to a synchronous message for:" "https://ls2pac.lapl.org"
console.warn: LoginRecipes: "getRecipes: falling back to a synchronous message for:" "https://ls2pac.lapl.org"
console.warn: LoginRecipes: "getRecipes: falling back to a synchronous message for:" "https://ls2pac.lapl.org"
console.warn: LoginRecipes: "getRecipes: falling back to a synchronous message for:" "https://ls2pac.lapl.org"
console.warn: LoginRecipes: "getRecipes: falling back to a synchronous message for:" "https://ls2pac.lapl.org"
console.warn: LoginRecipes: "getRecipes: falling back to a synchronous message for:" "https://ls2pac.lapl.org"
console.warn: LoginRecipes: "getRecipes: falling back to a synchronous message for:" "https://ls2pac.lapl.org"
console.warn: LoginRecipes: "getRecipes: falling back to a synchronous message for:" "https://ls2pac.lapl.org"
console.warn: LoginRecipes: "getRecipes: falling back to a synchronous message for:" "https://ls2pac.lapl.org"
console.warn: LoginRecipes: "getRecipes: falling back to a synchronous message for:" "https://ls2pac.lapl.org"
console.warn: LoginRecipes: "getRecipes: falling back to a synchronous message for:" "https://ls2pac.lapl.org"
1649954346493	geckodriver	INFO	Listening on 127.0.0.1:42759
1649954346998	mozrunner::runner	INFO	Running command: "/usr/bin/firefox" "--marionette" "-headless" "--remote-debugging-port" "38875" "-no-remote" "-profile" "/tmp/rust_mozprofileN3YA0u"
*** You are running in headless mode.
[GFX1-]: glxtest: Unable to open a connection to the X server
[GFX1-]: glxtest: libEGL initialize failed
[GFX1-]: No GPUs detected via PCI
1649954347859	Marionette	INFO	Marionette enabled
[GFX1-]: RenderCompositorSWGL failed mapping default framebuffer, no dt
console.warn: SearchSettings: "get: No settings file exists, new profile?" (new NotFoundError("Could not open the file at /tmp/rust_mozprofileN3YA0u/search.json.mozlz4", (void 0)))
DevTools listening on ws://localhost:38875/devtools/browser/6a4add11-8d88-4a30-a415-59260d58c46c
1649954350347	Marionette	INFO	Listening on port 43519
Read port: 43519
1649954350443	RemoteAgent	WARN	TLS certificate errors will be ignored for this session
1649954367704	geckodriver	INFO	Listening on 127.0.0.1:50175
1649954368209	mozrunner::runner	INFO	Running command: "/usr/bin/firefox" "--marionette" "-headless" "--remote-debugging-port" "49489" "-no-remote" "-profile" "/tmp/rust_mozprofilepUh3K9"
*** You are running in headless mode.
[GFX1-]: glxtest: Unable to open a connection to the X server
[GFX1-]: glxtest: libEGL initialize failed
[GFX1-]: No GPUs detected via PCI
1649954368598	Marionette	INFO	Marionette enabled
[GFX1-]: RenderCompositorSWGL failed mapping default framebuffer, no dt
console.warn: SearchSettings: "get: No settings file exists, new profile?" (new NotFoundError("Could not open the file at /tmp/rust_mozprofilepUh3K9/search.json.mozlz4", (void 0)))
DevTools listening on ws://localhost:49489/devtools/browser/c50c3c24-7a28-4003-b672-def7bf1ab8fe
1649954370801	Marionette	INFO	Listening on port 43101
Read port: 43101
1649954370844	RemoteAgent	WARN	TLS certificate errors will be ignored for this session
Exiting due to channel error.
Exiting due to channel error.
Exiting due to channel error.
Exiting due to channel error.
Exiting due to channel error.
Exiting due to channel error.
Exiting due to channel error.
Exiting due to channel error.
Exiting due to channel error.
1649954452102	geckodriver	INFO	Listening on 127.0.0.1:35023
1649954452112	mozrunner::runner	INFO	Running command: "/usr/bin/firefox" "--marionette" "-headless" "--remote-debugging-port" "40083" "-no-remote" "-profile" "/tmp/rust_mozprofileUaZzb3"
*** You are running in headless mode.
[GFX1-]: glxtest: Unable to open a connection to the X server
[GFX1-]: glxtest: libEGL initialize failed
[GFX1-]: No GPUs detected via PCI
1649954452532	Marionette	INFO	Marionette enabled
[GFX1-]: RenderCompositorSWGL failed mapping default framebuffer, no dt
console.warn: SearchSettings: "get: No settings file exists, new profile?" (new NotFoundError("Could not open the file at /tmp/rust_mozprofileUaZzb3/search.json.mozlz4", (void 0)))
DevTools listening on ws://localhost:40083/devtools/browser/bed1b91f-391d-4627-a075-73603970d308
1649954454564	Marionette	INFO	Listening on port 37169
Read port: 37169
1649954454638	RemoteAgent	WARN	TLS certificate errors will be ignored for this session
1649954479052	Marionette	INFO	Stopped listening on port 37169
1649954536753	geckodriver	INFO	Listening on 127.0.0.1:38841
1649954536762	mozrunner::runner	INFO	Running command: "/usr/bin/firefox" "--marionette" "-headless" "--remote-debugging-port" "41747" "-no-remote" "-profile" "/tmp/rust_mozprofilePYHs8A"
*** You are running in headless mode.
[GFX1-]: glxtest: Unable to open a connection to the X server
[GFX1-]: glxtest: libEGL initialize failed
[GFX1-]: No GPUs detected via PCI
1649954537132	Marionette	INFO	Marionette enabled
[GFX1-]: RenderCompositorSWGL failed mapping default framebuffer, no dt
console.warn: SearchSettings: "get: No settings file exists, new profile?" (new NotFoundError("Could not open the file at /tmp/rust_mozprofilePYHs8A/search.json.mozlz4", (void 0)))
DevTools listening on ws://localhost:41747/devtools/browser/2015f119-ea67-4682-a41a-abc5411c47e8
1649954539210	Marionette	INFO	Listening on port 39297
Read port: 39297
1649954539288	RemoteAgent	WARN	TLS certificate errors will be ignored for this session
1649954564316	Marionette	INFO	Stopped listening on port 39297

###!!! [Parent][PImageBridgeParent] Error: RunMessage(msgname=PImageBridge::Msg_WillClose) Channel closing: too late to send/recv, messages will be lost

1649954724442	geckodriver	INFO	Listening on 127.0.0.1:58057
1649954724451	mozrunner::runner	INFO	Running command: "/usr/bin/firefox" "--marionette" "-headless" "--remote-debugging-port" "60229" "-no-remote" "-profile" "/tmp/rust_mozprofilehY2YYe"
*** You are running in headless mode.
[GFX1-]: glxtest: Unable to open a connection to the X server
[GFX1-]: glxtest: libEGL initialize failed
[GFX1-]: No GPUs detected via PCI
1649954724811	Marionette	INFO	Marionette enabled
[GFX1-]: RenderCompositorSWGL failed mapping default framebuffer, no dt
console.warn: SearchSettings: "get: No settings file exists, new profile?" (new NotFoundError("Could not open the file at /tmp/rust_mozprofilehY2YYe/search.json.mozlz4", (void 0)))
DevTools listening on ws://localhost:60229/devtools/browser/f184cac1-700f-43d7-95c6-610edd6a14fb
1649954726899	Marionette	INFO	Listening on port 34485
Read port: 34485
1649954726977	RemoteAgent	WARN	TLS certificate errors will be ignored for this session
1649954751770	Marionette	INFO	Stopped listening on port 34485

###!!! [Parent][PImageBridgeParent] Error: RunMessage(msgname=PImageBridge::Msg_WillClose) Channel closing: too late to send/recv, messages will be lost

1649954857608	geckodriver	INFO	Listening on 127.0.0.1:50987
1649954857616	mozrunner::runner	INFO	Running command: "/usr/bin/firefox" "--marionette" "-headless" "--remote-debugging-port" "36697" "-no-remote" "-profile" "/tmp/rust_mozprofileQYXaDk"
*** You are running in headless mode.
[GFX1-]: glxtest: Unable to open a connection to the X server
[GFX1-]: glxtest: libEGL initialize failed
[GFX1-]: No GPUs detected via PCI
1649954857981	Marionette	INFO	Marionette enabled
[GFX1-]: RenderCompositorSWGL failed mapping default framebuffer, no dt
console.warn: SearchSettings: "get: No settings file exists, new profile?" (new NotFoundError("Could not open the file at /tmp/rust_mozprofileQYXaDk/search.json.mozlz4", (void 0)))
DevTools listening on ws://localhost:36697/devtools/browser/bd9c0b6b-9ecf-4a02-b291-b84288c902fa
1649954860056	Marionette	INFO	Listening on port 45777
Read port: 45777
1649954860147	RemoteAgent	WARN	TLS certificate errors will be ignored for this session
Exiting due to channel error.
Exiting due to channel error.
Exiting due to channel error.
1649954983953	geckodriver	INFO	Listening on 127.0.0.1:45491
1649954983960	mozrunner::runner	INFO	Running command: "/usr/bin/firefox" "--marionette" "-headless" "--remote-debugging-port" "37495" "-no-remote" "-profile" "/tmp/rust_mozprofileamWG0a"
*** You are running in headless mode.
[GFX1-]: glxtest: Unable to open a connection to the X server
[GFX1-]: glxtest: libEGL initialize failed
[GFX1-]: No GPUs detected via PCI
1649954984344	Marionette	INFO	Marionette enabled
[GFX1-]: RenderCompositorSWGL failed mapping default framebuffer, no dt
console.warn: SearchSettings: "get: No settings file exists, new profile?" (new NotFoundError("Could not open the file at /tmp/rust_mozprofileamWG0a/search.json.mozlz4", (void 0)))
DevTools listening on ws://localhost:37495/devtools/browser/8b8a2903-8651-4bc8-8b53-cf49955f84f0
1649954986551	Marionette	INFO	Listening on port 36417
Read port: 36417
1649954986588	RemoteAgent	WARN	TLS certificate errors will be ignored for this session
Exiting due to channel error.
Exiting due to channel error.
Exiting due to channel error.
1649955298116	geckodriver	INFO	Listening on 127.0.0.1:42603
1649955298620	mozrunner::runner	INFO	Running command: "/usr/bin/firefox" "--marionette" "-headless" "--remote-debugging-port" "58803" "-no-remote" "-profile" "/tmp/rust_mozprofilealiPVy"
*** You are running in headless mode.
[GFX1-]: glxtest: Unable to open a connection to the X server
[GFX1-]: glxtest: libEGL initialize failed
[GFX1-]: No GPUs detected via PCI
1649955298989	Marionette	INFO	Marionette enabled
[GFX1-]: RenderCompositorSWGL failed mapping default framebuffer, no dt
console.warn: SearchSettings: "get: No settings file exists, new profile?" (new NotFoundError("Could not open the file at /tmp/rust_mozprofilealiPVy/search.json.mozlz4", (void 0)))
DevTools listening on ws://localhost:58803/devtools/browser/7e4772aa-abbd-4200-b9a4-13de77be4934
1649955301003	Marionette	INFO	Listening on port 35971
Read port: 35971
1649955301047	RemoteAgent	WARN	TLS certificate errors will be ignored for this session
Exiting due to channel error.
Exiting due to channel error.
Exiting due to channel error.
1649955352516	geckodriver	INFO	Listening on 127.0.0.1:46523
1649955352522	mozrunner::runner	INFO	Running command: "/usr/bin/firefox" "--marionette" "-headless" "--remote-debugging-port" "33171" "-no-remote" "-profile" "/tmp/rust_mozprofilewROyTQ"
*** You are running in headless mode.
[GFX1-]: glxtest: Unable to open a connection to the X server
[GFX1-]: glxtest: libEGL initialize failed
[GFX1-]: No GPUs detected via PCI
1649955352902	Marionette	INFO	Marionette enabled
[GFX1-]: RenderCompositorSWGL failed mapping default framebuffer, no dt
console.warn: SearchSettings: "get: No settings file exists, new profile?" (new NotFoundError("Could not open the file at /tmp/rust_mozprofilewROyTQ/search.json.mozlz4", (void 0)))
DevTools listening on ws://localhost:33171/devtools/browser/a12b17c8-c123-4e0f-8684-a01dad7fea56
1649955355094	Marionette	INFO	Listening on port 41541
Read port: 41541
1649955355149	RemoteAgent	WARN	TLS certificate errors will be ignored for this session
Exiting due to channel error.
Exiting due to channel error.
Exiting due to channel error.
1649955511091	geckodriver	INFO	Listening on 127.0.0.1:41555
1649955511098	mozrunner::runner	INFO	Running command: "/usr/bin/firefox" "--marionette" "-headless" "--remote-debugging-port" "42641" "-no-remote" "-profile" "/tmp/rust_mozprofile6HiuUP"
*** You are running in headless mode.
[GFX1-]: glxtest: Unable to open a connection to the X server
[GFX1-]: glxtest: libEGL initialize failed
[GFX1-]: No GPUs detected via PCI
1649955511495	Marionette	INFO	Marionette enabled
[GFX1-]: RenderCompositorSWGL failed mapping default framebuffer, no dt
console.warn: SearchSettings: "get: No settings file exists, new profile?" (new NotFoundError("Could not open the file at /tmp/rust_mozprofile6HiuUP/search.json.mozlz4", (void 0)))
DevTools listening on ws://localhost:42641/devtools/browser/42facce5-ed77-4167-8b24-0080c1f86b81
1649955513615	Marionette	INFO	Listening on port 43205
Read port: 43205
1649955513738	RemoteAgent	WARN	TLS certificate errors will be ignored for this session
1649955537715	Marionette	INFO	Stopped listening on port 43205

###!!! [Parent][PImageBridgeParent] Error: RunMessage(msgname=PImageBridge::Msg_WillClose) Channel closing: too late to send/recv, messages will be lost

1649955630779	geckodriver	INFO	Listening on 127.0.0.1:58029
1649955630788	mozrunner::runner	INFO	Running command: "/usr/bin/firefox" "--marionette" "-headless" "--remote-debugging-port" "45805" "-no-remote" "-profile" "/tmp/rust_mozprofileUYtNop"
*** You are running in headless mode.
[GFX1-]: glxtest: Unable to open a connection to the X server
[GFX1-]: glxtest: libEGL initialize failed
[GFX1-]: No GPUs detected via PCI
1649955631166	Marionette	INFO	Marionette enabled
[GFX1-]: RenderCompositorSWGL failed mapping default framebuffer, no dt
console.warn: SearchSettings: "get: No settings file exists, new profile?" (new NotFoundError("Could not open the file at /tmp/rust_mozprofileUYtNop/search.json.mozlz4", (void 0)))
DevTools listening on ws://localhost:45805/devtools/browser/a85a1661-71cf-44dc-8721-1abf167790e9
1649955633188	Marionette	INFO	Listening on port 39617
Read port: 39617
1649955633219	RemoteAgent	WARN	TLS certificate errors will be ignored for this session
1649955657418	Marionette	INFO	Stopped listening on port 39617
1649955891777	geckodriver	INFO	Listening on 127.0.0.1:49223
1649955892282	mozrunner::runner	INFO	Running command: "/usr/bin/firefox" "--marionette" "-headless" "--remote-debugging-port" "49261" "-no-remote" "-profile" "/tmp/rust_mozprofiledP32KM"
*** You are running in headless mode.
[GFX1-]: glxtest: Unable to open a connection to the X server
[GFX1-]: glxtest: libEGL initialize failed
[GFX1-]: No GPUs detected via PCI
1649955892634	Marionette	INFO	Marionette enabled
[GFX1-]: RenderCompositorSWGL failed mapping default framebuffer, no dt
console.warn: SearchSettings: "get: No settings file exists, new profile?" (new NotFoundError("Could not open the file at /tmp/rust_mozprofiledP32KM/search.json.mozlz4", (void 0)))
DevTools listening on ws://localhost:49261/devtools/browser/3c77c5da-d682-42ae-8c66-2e7b104d3406
1649955894657	Marionette	INFO	Listening on port 39493
Read port: 39493
1649955894712	RemoteAgent	WARN	TLS certificate errors will be ignored for this session
Exiting due to channel error.
Exiting due to channel error.
Exiting due to channel error.
1649965002146	geckodriver	INFO	Listening on 127.0.0.1:34127
1649965002650	mozrunner::runner	INFO	Running command: "/usr/bin/firefox" "--marionette" "-headless" "--remote-debugging-port" "51791" "-no-remote" "-profile" "/tmp/rust_mozprofileoQpYT6"
*** You are running in headless mode.
[GFX1-]: glxtest: Unable to open a connection to the X server
[GFX1-]: glxtest: libEGL initialize failed
[GFX1-]: No GPUs detected via PCI
1649965003123	Marionette	INFO	Marionette enabled
[GFX1-]: RenderCompositorSWGL failed mapping default framebuffer, no dt
console.warn: SearchSettings: "get: No settings file exists, new profile?" (new NotFoundError("Could not open the file at /tmp/rust_mozprofileoQpYT6/search.json.mozlz4", (void 0)))
DevTools listening on ws://localhost:51791/devtools/browser/35250cbd-05ff-4174-916c-5e80b741b9e4
1649965005130	Marionette	INFO	Listening on port 42441
Read port: 42441
1649965005180	RemoteAgent	WARN	TLS certificate errors will be ignored for this session
Exiting due to channel error.
Exiting due to channel error.
Exiting due to channel error.
1649965047260	geckodriver	INFO	Listening on 127.0.0.1:51795
1649965047268	mozrunner::runner	INFO	Running command: "/usr/bin/firefox" "--marionette" "-headless" "--remote-debugging-port" "48023" "-no-remote" "-profile" "/tmp/rust_mozprofileYBtpGx"
*** You are running in headless mode.
[GFX1-]: glxtest: Unable to open a connection to the X server
[GFX1-]: glxtest: libEGL initialize failed
[GFX1-]: No GPUs detected via PCI
1649965047633	Marionette	INFO	Marionette enabled
[GFX1-]: RenderCompositorSWGL failed mapping default framebuffer, no dt
console.warn: SearchSettings: "get: No settings file exists, new profile?" (new NotFoundError("Could not open the file at /tmp/rust_mozprofileYBtpGx/search.json.mozlz4", (void 0)))
DevTools listening on ws://localhost:48023/devtools/browser/b0776cc0-51c2-44b1-ad69-941a25f2c4ae
1649965049632	Marionette	INFO	Listening on port 44045
Read port: 44045
1649965049696	RemoteAgent	WARN	TLS certificate errors will be ignored for this session
Exiting due to channel error.
Exiting due to channel error.
Exiting due to channel error.
1649965281929	geckodriver	INFO	Listening on 127.0.0.1:55043
1649965282433	mozrunner::runner	INFO	Running command: "/usr/bin/firefox" "--marionette" "-headless" "--remote-debugging-port" "39537" "-no-remote" "-profile" "/tmp/rust_mozprofile8zGPEk"
*** You are running in headless mode.
[GFX1-]: glxtest: Unable to open a connection to the X server
[GFX1-]: glxtest: libEGL initialize failed
[GFX1-]: No GPUs detected via PCI
1649965282807	Marionette	INFO	Marionette enabled
[GFX1-]: RenderCompositorSWGL failed mapping default framebuffer, no dt
console.warn: SearchSettings: "get: No settings file exists, new profile?" (new NotFoundError("Could not open the file at /tmp/rust_mozprofile8zGPEk/search.json.mozlz4", (void 0)))
DevTools listening on ws://localhost:39537/devtools/browser/b7438039-5650-4372-a572-f397b210d492
1649965284685	Marionette	INFO	Listening on port 40701
Read port: 40701
1649965284767	RemoteAgent	WARN	TLS certificate errors will be ignored for this session
Exiting due to channel error.
Exiting due to channel error.
Exiting due to channel error.
1649965696383	geckodriver	INFO	Listening on 127.0.0.1:40239
1649965696392	mozrunner::runner	INFO	Running command: "/usr/bin/firefox" "--marionette" "-headless" "--remote-debugging-port" "41687" "-no-remote" "-profile" "/tmp/rust_mozprofileaqw1Zl"
*** You are running in headless mode.
[GFX1-]: glxtest: Unable to open a connection to the X server
[GFX1-]: glxtest: libEGL initialize failed
[GFX1-]: No GPUs detected via PCI
1649965696762	Marionette	INFO	Marionette enabled
[GFX1-]: RenderCompositorSWGL failed mapping default framebuffer, no dt
console.warn: SearchSettings: "get: No settings file exists, new profile?" (new NotFoundError("Could not open the file at /tmp/rust_mozprofileaqw1Zl/search.json.mozlz4", (void 0)))
DevTools listening on ws://localhost:41687/devtools/browser/a4032a9b-4a00-4737-a6d0-cbc338d3994e
1649965698839	Marionette	INFO	Listening on port 44149
Read port: 44149
1649965698920	RemoteAgent	WARN	TLS certificate errors will be ignored for this session
Exiting due to channel error.
Exiting due to channel error.
Exiting due to channel error.
1649965779903	geckodriver	INFO	Listening on 127.0.0.1:58111
1649965780408	mozrunner::runner	INFO	Running command: "/usr/bin/firefox" "--marionette" "-headless" "--remote-debugging-port" "41091" "-no-remote" "-profile" "/tmp/rust_mozprofileMPbWbi"
*** You are running in headless mode.
[GFX1-]: glxtest: Unable to open a connection to the X server
[GFX1-]: glxtest: libEGL initialize failed
[GFX1-]: No GPUs detected via PCI
1649965780766	Marionette	INFO	Marionette enabled
[GFX1-]: RenderCompositorSWGL failed mapping default framebuffer, no dt
console.warn: SearchSettings: "get: No settings file exists, new profile?" (new NotFoundError("Could not open the file at /tmp/rust_mozprofileMPbWbi/search.json.mozlz4", (void 0)))
DevTools listening on ws://localhost:41091/devtools/browser/b10f0976-4f93-4dcd-a7d3-37d265b5842d
1649965782751	Marionette	INFO	Listening on port 41811
Read port: 41811
1649965782834	RemoteAgent	WARN	TLS certificate errors will be ignored for this session
1649970119358	Marionette	INFO	Stopped listening on port 41811
1649998798578	geckodriver	INFO	Listening on 127.0.0.1:51607
1649998798583	mozrunner::runner	INFO	Running command: "/usr/bin/firefox" "--marionette" "-headless" "--remote-debugging-port" "50395" "-no-remote" "-profile" "/tmp/rust_mozprofile7UYyOD"
*** You are running in headless mode.
[GFX1-]: glxtest: Unable to open a connection to the X server
[GFX1-]: glxtest: libEGL initialize failed
[GFX1-]: No GPUs detected via PCI
1649998799008	Marionette	INFO	Marionette enabled
[GFX1-]: RenderCompositorSWGL failed mapping default framebuffer, no dt
console.warn: SearchSettings: "get: No settings file exists, new profile?" (new NotFoundError("Could not open the file at /tmp/rust_mozprofile7UYyOD/search.json.mozlz4", (void 0)))
DevTools listening on ws://localhost:50395/devtools/browser/630c3370-107c-436c-996d-a3f4fbf7c7bd
1649998801141	Marionette	INFO	Listening on port 41641
Read port: 41641
1649998801213	RemoteAgent	WARN	TLS certificate errors will be ignored for this session
1649998813106	Marionette	INFO	Stopped listening on port 41641
1649999316545	geckodriver	INFO	Listening on 127.0.0.1:48041
1649999316550	mozrunner::runner	INFO	Running command: "/usr/bin/firefox" "--marionette" "-headless" "--remote-debugging-port" "52217" "-no-remote" "-profile" "/tmp/rust_mozprofileRUIJt9"
*** You are running in headless mode.
[GFX1-]: glxtest: Unable to open a connection to the X server
[GFX1-]: glxtest: libEGL initialize failed
[GFX1-]: No GPUs detected via PCI
1649999316930	Marionette	INFO	Marionette enabled
[GFX1-]: RenderCompositorSWGL failed mapping default framebuffer, no dt
console.warn: SearchSettings: "get: No settings file exists, new profile?" (new NotFoundError("Could not open the file at /tmp/rust_mozprofileRUIJt9/search.json.mozlz4", (void 0)))
DevTools listening on ws://localhost:52217/devtools/browser/6b81540e-866f-46fc-b263-09df430e728b
1649999318972	Marionette	INFO	Listening on port 41663
Read port: 41663
1649999319076	RemoteAgent	WARN	TLS certificate errors will be ignored for this session
Exiting due to channel error.
Exiting due to channel error.
Exiting due to channel error.
1650038902704	geckodriver	INFO	Listening on 127.0.0.1:47979
1650038903207	mozrunner::runner	INFO	Running command: "/usr/bin/firefox" "--marionette" "-headless" "--remote-debugging-port" "57135" "-no-remote" "-profile" "/tmp/rust_mozprofile78dXMX"
*** You are running in headless mode.
[GFX1-]: glxtest: Unable to open a connection to the X server
[GFX1-]: glxtest: libEGL initialize failed
[GFX1-]: No GPUs detected via PCI
1650038903734	Marionette	INFO	Marionette enabled
[GFX1-]: RenderCompositorSWGL failed mapping default framebuffer, no dt
console.warn: SearchSettings: "get: No settings file exists, new profile?" (new NotFoundError("Could not open the file at /tmp/rust_mozprofile78dXMX/search.json.mozlz4", (void 0)))
DevTools listening on ws://localhost:57135/devtools/browser/a642d010-ab78-4055-96eb-1b1c57e9e593
1650038905802	Marionette	INFO	Listening on port 35399
Read port: 35399
1650038905837	RemoteAgent	WARN	TLS certificate errors will be ignored for this session
1650088234359	Marionette	INFO	Stopped listening on port 35399
1650271137534	geckodriver	INFO	Listening on 127.0.0.1:57223
1650271137541	mozrunner::runner	INFO	Running command: "/usr/bin/firefox" "--marionette" "-headless" "--remote-debugging-port" "48503" "-no-remote" "-profile" "/tmp/rust_mozprofileKE2f3g"
*** You are running in headless mode.
[GFX1-]: glxtest: Unable to open a connection to the X server
[GFX1-]: glxtest: libEGL initialize failed
[GFX1-]: No GPUs detected via PCI
1650271138035	Marionette	INFO	Marionette enabled
[GFX1-]: RenderCompositorSWGL failed mapping default framebuffer, no dt
console.warn: SearchSettings: "get: No settings file exists, new profile?" (new NotFoundError("Could not open the file at /tmp/rust_mozprofileKE2f3g/search.json.mozlz4", (void 0)))
DevTools listening on ws://localhost:48503/devtools/browser/30045ca3-c5fc-4902-9cca-b747951b4a31
1650271140099	Marionette	INFO	Listening on port 37545
Read port: 37545
1650271140167	geckodriver	INFO	Listening on 127.0.0.1:49205
1650271140173	RemoteAgent	WARN	TLS certificate errors will be ignored for this session
1650271140673	mozrunner::runner	INFO	Running command: "/usr/bin/firefox" "--marionette" "-headless" "--remote-debugging-port" "58905" "-no-remote" "-profile" "/tmp/rust_mozprofileVD7kL7"
*** You are running in headless mode.
[GFX1-]: glxtest: Unable to open a connection to the X server
[GFX1-]: glxtest: libEGL initialize failed
[GFX1-]: No GPUs detected via PCI
1650271141150	Marionette	INFO	Marionette enabled
[GFX1-]: RenderCompositorSWGL failed mapping default framebuffer, no dt
console.warn: SearchSettings: "get: No settings file exists, new profile?" (new NotFoundError("Could not open the file at /tmp/rust_mozprofileVD7kL7/search.json.mozlz4", (void 0)))
DevTools listening on ws://localhost:58905/devtools/browser/84e0ba1e-f9c5-4491-a10d-247fe7afd3ae
1650271144251	Marionette	INFO	Listening on port 41933
Read port: 41933
1650271144308	RemoteAgent	WARN	TLS certificate errors will be ignored for this session
1650271147800	Marionette	INFO	Stopped listening on port 37545

###!!! [Parent][PContentParent] Error: Send(msgname=PContent::Msg_DestroyBrowsingContextGroup) Closed channel: cannot send/recv

1650271225262	geckodriver	INFO	Listening on 127.0.0.1:54619
1650271225766	mozrunner::runner	INFO	Running command: "/usr/bin/firefox" "--marionette" "-headless" "--remote-debugging-port" "39907" "-no-remote" "-profile" "/tmp/rust_mozprofilevi1Gjj"
*** You are running in headless mode.
[GFX1-]: glxtest: Unable to open a connection to the X server
[GFX1-]: glxtest: libEGL initialize failed
[GFX1-]: No GPUs detected via PCI
1650271226449	Marionette	INFO	Marionette enabled
[GFX1-]: RenderCompositorSWGL failed mapping default framebuffer, no dt
console.warn: SearchSettings: "get: No settings file exists, new profile?" (new NotFoundError("Could not open the file at /tmp/rust_mozprofilevi1Gjj/search.json.mozlz4", (void 0)))
DevTools listening on ws://localhost:39907/devtools/browser/1215224a-baa1-4c7d-ac98-b660b91156d5
1650271229344	Marionette	INFO	Listening on port 43063
Read port: 43063
1650271229416	RemoteAgent	WARN	TLS certificate errors will be ignored for this session
1650271237450	Marionette	INFO	Stopped listening on port 43063

###!!! [Parent][PContentParent] Error: Send(msgname=PContent::Msg_DestroyBrowsingContextGroup) Closed channel: cannot send/recv

1650271387619	geckodriver	INFO	Listening on 127.0.0.1:35641
1650271388129	mozrunner::runner	INFO	Running command: "/usr/bin/firefox" "--marionette" "-headless" "--remote-debugging-port" "32951" "-no-remote" "-profile" "/tmp/rust_mozprofile5dKX4l"
*** You are running in headless mode.
[GFX1-]: glxtest: Unable to open a connection to the X server
[GFX1-]: glxtest: libEGL initialize failed
[GFX1-]: No GPUs detected via PCI
1650271388581	Marionette	INFO	Marionette enabled
[GFX1-]: RenderCompositorSWGL failed mapping default framebuffer, no dt
console.warn: SearchSettings: "get: No settings file exists, new profile?" (new NotFoundError("Could not open the file at /tmp/rust_mozprofile5dKX4l/search.json.mozlz4", (void 0)))
DevTools listening on ws://localhost:32951/devtools/browser/112cbeee-a026-4e3e-8104-63dbd2272aad
1650271391460	Marionette	INFO	Listening on port 42517
Read port: 42517
1650271391500	RemoteAgent	WARN	TLS certificate errors will be ignored for this session
1650271401510	Marionette	INFO	Stopped listening on port 42517

###!!! [Child][PContentChild] Error: RunMessage(msgname=PContent::Msg_DestroyBrowsingContextGroup) Channel closing: too late to send/recv, messages will be lost

1650271582565	geckodriver	INFO	Listening on 127.0.0.1:38307
1650271583067	mozrunner::runner	INFO	Running command: "/usr/bin/firefox" "--marionette" "-headless" "--remote-debugging-port" "56277" "-no-remote" "-profile" "/tmp/rust_mozprofileMxujiR"
*** You are running in headless mode.
[GFX1-]: glxtest: Unable to open a connection to the X server
[GFX1-]: glxtest: libEGL initialize failed
[GFX1-]: No GPUs detected via PCI
1650271583540	Marionette	INFO	Marionette enabled
[GFX1-]: RenderCompositorSWGL failed mapping default framebuffer, no dt
console.warn: SearchSettings: "get: No settings file exists, new profile?" (new NotFoundError("Could not open the file at /tmp/rust_mozprofileMxujiR/search.json.mozlz4", (void 0)))
DevTools listening on ws://localhost:56277/devtools/browser/70ba8582-6412-48df-99f8-272fae8e9647
1650271586431	Marionette	INFO	Listening on port 44315
Read port: 44315
1650271586509	RemoteAgent	WARN	TLS certificate errors will be ignored for this session
1650271596804	Marionette	INFO	Stopped listening on port 44315

###!!! [Child][PContentChild] Error: RunMessage(msgname=PContent::Reply_DiscardBrowsingContext) Channel closing: too late to send/recv, messages will be lost


###!!! [Child][PContentChild] Error: RunMessage(msgname=PHttpChannel::Msg_DeleteSelf) Channel closing: too late to send/recv, messages will be lost


###!!! [Child][PContentChild] Error: RunMessage(msgname=PContent::Msg_DestroyBrowsingContextGroup) Channel closing: too late to send/recv, messages will be lost

1650271753970	geckodriver	INFO	Listening on 127.0.0.1:58867
1650271753976	mozrunner::runner	INFO	Running command: "/usr/bin/firefox" "--marionette" "-headless" "--remote-debugging-port" "38375" "-no-remote" "-profile" "/tmp/rust_mozprofileCP4Lwl"
*** You are running in headless mode.
[GFX1-]: glxtest: Unable to open a connection to the X server
[GFX1-]: glxtest: libEGL initialize failed
[GFX1-]: No GPUs detected via PCI
1650271754630	Marionette	INFO	Marionette enabled
[GFX1-]: RenderCompositorSWGL failed mapping default framebuffer, no dt
console.warn: SearchSettings: "get: No settings file exists, new profile?" (new NotFoundError("Could not open the file at /tmp/rust_mozprofileCP4Lwl/search.json.mozlz4", (void 0)))
DevTools listening on ws://localhost:38375/devtools/browser/17ba6872-3569-4db3-a600-d3c3e00e8b86
1650271757630	Marionette	INFO	Listening on port 38449
Read port: 38449
1650271757723	RemoteAgent	WARN	TLS certificate errors will be ignored for this session
1650271768145	Marionette	INFO	Stopped listening on port 38449
1650271783956	geckodriver	INFO	Listening on 127.0.0.1:47181
1650271784463	mozrunner::runner	INFO	Running command: "/usr/bin/firefox" "--marionette" "-headless" "--remote-debugging-port" "42999" "-no-remote" "-profile" "/tmp/rust_mozprofileZqIC4r"
*** You are running in headless mode.
[GFX1-]: glxtest: Unable to open a connection to the X server
[GFX1-]: glxtest: libEGL initialize failed
[GFX1-]: No GPUs detected via PCI
1650271785027	Marionette	INFO	Marionette enabled
[GFX1-]: RenderCompositorSWGL failed mapping default framebuffer, no dt
console.warn: SearchSettings: "get: No settings file exists, new profile?" (new NotFoundError("Could not open the file at /tmp/rust_mozprofileZqIC4r/search.json.mozlz4", (void 0)))
DevTools listening on ws://localhost:42999/devtools/browser/eac04e62-b646-44ab-9001-68359ed94644
1650271788004	Marionette	INFO	Listening on port 41389
Read port: 41389
1650271788128	RemoteAgent	WARN	TLS certificate errors will be ignored for this session
1650271798774	Marionette	INFO	Stopped listening on port 41389

###!!! [Parent][PImageBridgeParent] Error: RunMessage(msgname=PImageBridge::Msg_WillClose) Channel closing: too late to send/recv, messages will be lost

1650271808175	geckodriver	INFO	Listening on 127.0.0.1:57191
1650271808683	mozrunner::runner	INFO	Running command: "/usr/bin/firefox" "--marionette" "-headless" "--remote-debugging-port" "56099" "-no-remote" "-profile" "/tmp/rust_mozprofile5cKlyw"
*** You are running in headless mode.
[GFX1-]: glxtest: Unable to open a connection to the X server
[GFX1-]: glxtest: libEGL initialize failed
[GFX1-]: No GPUs detected via PCI
1650271809296	Marionette	INFO	Marionette enabled
[GFX1-]: RenderCompositorSWGL failed mapping default framebuffer, no dt
console.warn: SearchSettings: "get: No settings file exists, new profile?" (new NotFoundError("Could not open the file at /tmp/rust_mozprofile5cKlyw/search.json.mozlz4", (void 0)))
DevTools listening on ws://localhost:56099/devtools/browser/30c07f95-2cf1-4385-8baa-c34073b6fdb8
1650271812068	Marionette	INFO	Listening on port 44321
Read port: 44321
1650271812114	RemoteAgent	WARN	TLS certificate errors will be ignored for this session
1650271831809	Marionette	INFO	Stopped listening on port 44321

###!!! [Parent][PContentParent] Error: Send(msgname=PContent::Msg_DestroyBrowsingContextGroup) Closed channel: cannot send/recv

1650271833928	geckodriver	INFO	Listening on 127.0.0.1:41381
1650271833936	mozrunner::runner	INFO	Running command: "/usr/bin/firefox" "--marionette" "-headless" "--remote-debugging-port" "54779" "-no-remote" "-profile" "/tmp/rust_mozprofilewzXNgn"
*** You are running in headless mode.
[GFX1-]: glxtest: Unable to open a connection to the X server
[GFX1-]: glxtest: libEGL initialize failed
[GFX1-]: No GPUs detected via PCI
1650271834511	Marionette	INFO	Marionette enabled
[GFX1-]: RenderCompositorSWGL failed mapping default framebuffer, no dt
console.warn: SearchSettings: "get: No settings file exists, new profile?" (new NotFoundError("Could not open the file at /tmp/rust_mozprofilewzXNgn/search.json.mozlz4", (void 0)))
DevTools listening on ws://localhost:54779/devtools/browser/08cca882-6d2c-43ca-b6bc-d170ee6a9f31
1650271837716	Marionette	INFO	Listening on port 40817
Read port: 40817
1650271837779	RemoteAgent	WARN	TLS certificate errors will be ignored for this session
1650272005703	geckodriver	INFO	Listening on 127.0.0.1:44011
1650272006206	mozrunner::runner	INFO	Running command: "/usr/bin/firefox" "--marionette" "-headless" "--remote-debugging-port" "46663" "-no-remote" "-profile" "/tmp/rust_mozprofileQqmTp6"
*** You are running in headless mode.
[GFX1-]: glxtest: Unable to open a connection to the X server
[GFX1-]: glxtest: libEGL initialize failed
[GFX1-]: No GPUs detected via PCI
1650272006659	Marionette	INFO	Marionette enabled
[GFX1-]: RenderCompositorSWGL failed mapping default framebuffer, no dt
console.warn: SearchSettings: "get: No settings file exists, new profile?" (new NotFoundError("Could not open the file at /tmp/rust_mozprofileQqmTp6/search.json.mozlz4", (void 0)))
DevTools listening on ws://localhost:46663/devtools/browser/7a2e395c-7b4a-43a8-8bee-476b93e3da1f
1650272009325	Marionette	INFO	Listening on port 39011
Read port: 39011
1650272009447	RemoteAgent	WARN	TLS certificate errors will be ignored for this session
1650272098531	geckodriver	INFO	Listening on 127.0.0.1:35379
1650272099036	mozrunner::runner	INFO	Running command: "/usr/bin/firefox" "--marionette" "-headless" "--remote-debugging-port" "38549" "-no-remote" "-profile" "/tmp/rust_mozprofileaG5lTa"
*** You are running in headless mode.
[GFX1-]: glxtest: Unable to open a connection to the X server
[GFX1-]: glxtest: libEGL initialize failed
[GFX1-]: No GPUs detected via PCI
1650272099537	Marionette	INFO	Marionette enabled
[GFX1-]: RenderCompositorSWGL failed mapping default framebuffer, no dt
console.warn: SearchSettings: "get: No settings file exists, new profile?" (new NotFoundError("Could not open the file at /tmp/rust_mozprofileaG5lTa/search.json.mozlz4", (void 0)))
DevTools listening on ws://localhost:38549/devtools/browser/a727af33-27ff-4f6f-a3bb-afc6e790ad01
1650272102794	Marionette	INFO	Listening on port 44083
Read port: 44083
1650272102874	RemoteAgent	WARN	TLS certificate errors will be ignored for this session
1650272124915	Marionette	INFO	Stopped listening on port 44083
1650272285863	geckodriver	INFO	Listening on 127.0.0.1:38609
1650272286365	mozrunner::runner	INFO	Running command: "/usr/bin/firefox" "--marionette" "-headless" "--remote-debugging-port" "45319" "-no-remote" "-profile" "/tmp/rust_mozprofile0t0Odx"
*** You are running in headless mode.
[GFX1-]: glxtest: Unable to open a connection to the X server
[GFX1-]: glxtest: libEGL initialize failed
[GFX1-]: No GPUs detected via PCI
1650272286811	Marionette	INFO	Marionette enabled
[GFX1-]: RenderCompositorSWGL failed mapping default framebuffer, no dt
console.warn: SearchSettings: "get: No settings file exists, new profile?" (new NotFoundError("Could not open the file at /tmp/rust_mozprofile0t0Odx/search.json.mozlz4", (void 0)))
DevTools listening on ws://localhost:45319/devtools/browser/ebe586a9-333e-48ca-802f-cde114ca7908
1650272289943	Marionette	INFO	Listening on port 39951
Read port: 39951
1650272290010	RemoteAgent	WARN	TLS certificate errors will be ignored for this session
1650272307482	Marionette	INFO	Stopped listening on port 39951

###!!! [Parent][PContentParent] Error: Send(msgname=PContent::Msg_DestroyBrowsingContextGroup) Closed channel: cannot send/recv


###!!! [Child][PContentChild] Error: RunMessage(msgname=PContent::Reply_DiscardBrowsingContext) Channel closing: too late to send/recv, messages will be lost


###!!! [Child][PContentChild] Error: RunMessage(msgname=PHttpChannel::Msg_DeleteSelf) Channel closing: too late to send/recv, messages will be lost

Exiting due to channel error.
Exiting due to channel error.
Exiting due to channel error.
1650272992669	geckodriver	INFO	Listening on 127.0.0.1:50939
1650272992675	mozrunner::runner	INFO	Running command: "/usr/bin/firefox" "--marionette" "-headless" "--remote-debugging-port" "40789" "-no-remote" "-profile" "/tmp/rust_mozprofileBU7RGz"
*** You are running in headless mode.
[GFX1-]: glxtest: Unable to open a connection to the X server
[GFX1-]: glxtest: libEGL initialize failed
[GFX1-]: No GPUs detected via PCI
1650272993078	Marionette	INFO	Marionette enabled
[GFX1-]: RenderCompositorSWGL failed mapping default framebuffer, no dt
console.warn: SearchSettings: "get: No settings file exists, new profile?" (new NotFoundError("Could not open the file at /tmp/rust_mozprofileBU7RGz/search.json.mozlz4", (void 0)))
DevTools listening on ws://localhost:40789/devtools/browser/a565c46c-3ecb-410a-b38c-8cf84f03ec2f
1650272995212	Marionette	INFO	Listening on port 34475
Read port: 34475
1650272995316	RemoteAgent	WARN	TLS certificate errors will be ignored for this session
Exiting due to channel error.
Exiting due to channel error.
Exiting due to channel error.
1651102874450	geckodriver	INFO	Listening on 127.0.0.1:48417
1651102874471	mozrunner::runner	INFO	Running command: "/usr/bin/firefox" "--marionette" "-headless" "--remote-debugging-port" "42205" "-no-remote" "-profile" "/tmp/rust_mozprofile6CCWjT"
*** You are running in headless mode.
[GFX1-]: glxtest: Unable to open a connection to the X server
[GFX1-]: glxtest: libEGL initialize failed
[GFX1-]: No GPUs detected via PCI
1651102875179	Marionette	INFO	Marionette enabled
[GFX1-]: RenderCompositorSWGL failed mapping default framebuffer, no dt
console.warn: SearchSettings: "get: No settings file exists, new profile?" (new NotFoundError("Could not open the file at /tmp/rust_mozprofile6CCWjT/search.json.mozlz4", (void 0)))
DevTools listening on ws://localhost:42205/devtools/browser/f0eb3b59-5bdc-4282-b59c-d3f9ad5cd6bb
1651102877483	Marionette	INFO	Listening on port 40859
Read port: 40859
1651102877602	RemoteAgent	WARN	TLS certificate errors will be ignored for this session
1651102884986	Marionette	INFO	Stopped listening on port 40859
