Start time: 2022-04-18 08:39:07.005816

Iteration 1
-----------
Starting request: RT-1

Requests scraped: 100	Avg runtime: 1.94s	Total runtime: 193.9s
Requests scraped: 200	Avg runtime: 1.91s	Total runtime: 382.2s
Requests scraped: 300	Avg runtime: 1.87s	Total runtime: 562.3s
Requests scraped: 400	Avg runtime: 1.87s	Total runtime: 747.9s
Requests scraped: 500	Avg runtime: 1.87s	Total runtime: 932.6s
Requests scraped: 600	Avg runtime: 1.86s	Total runtime: 1118.4s
User interruption occurred after count 651
Total requests scraped: 651	Avg runtime: 1.87s	Total runtime: 1215.7s

Last request scraped: RT-930
-----------

Successfully converted requests into CSV

End time: 2022-04-18 08:59:22.724922

*************************

Start time: 2022-04-18 09:09:57.848704

Iteration 1
-----------
Starting request: RT-1

User interruption occurred after count 5
Total requests scraped: 5	Avg runtime: 2.06s	Total runtime: 10.3s

Last request scraped: RT-5
-----------

Successfully converted requests into CSV

End time: 2022-04-18 09:10:08.142247

*************************

